<?xml version="1.0" encoding="UTF-8"?>
<!-- Generated by org.testng.reporters.JUnitReportReporter -->
<testsuite hostname="LTIN529064" failures="0" tests="1" name="P2_TestCases.TC05_P2_Color_UploadThumbnail_SeasonalLook" time="125.488" errors="0" timestamp="2024-10-11T13:42:35 IST" skipped="0">
  <testcase classname="P2_TestCases.TC05_P2_Color_UploadThumbnail_SeasonalLook" name="P2_TC05_UploadThumbnail_seasonalLook" time="125.488"/>
</testsuite> <!-- P2_TestCases.TC05_P2_Color_UploadThumbnail_SeasonalLook -->
