<?xml version="1.0" encoding="UTF-8"?>
<!-- Generated by org.testng.reporters.JUnitReportReporter -->
<testsuite hostname="LTIN529064" failures="0" tests="1" name="AdditionalTestcases.TC_CreateColorway_SetUPLSE_LSUS" time="350.451" errors="0" timestamp="2024-09-30T15:41:18 IST" skipped="0">
  <testcase classname="AdditionalTestcases.TC_CreateColorway_SetUPLSE_LSUS" name="TC_Product_Verify__Create_PC9_for_type_Levis_MensBottoms" time="350.451"/>
</testsuite> <!-- AdditionalTestcases.TC_CreateColorway_SetUPLSE_LSUS -->
