<?xml version="1.0" encoding="UTF-8"?>
<!-- Generated by org.testng.reporters.JUnitReportReporter -->
<testsuite hostname="LTIN529064" failures="0" tests="1" name="E2E_Testcases.TC288_P0_E2E_create_colorway" time="186.107" errors="0" timestamp="2024-09-24T18:02:35 IST" skipped="0">
  <testcase classname="E2E_Testcases.TC288_P0_E2E_create_colorway" name="P0_TC288_E2E_create_colorway" time="186.107"/>
</testsuite> <!-- E2E_Testcases.TC288_P0_E2E_create_colorway -->
