<?xml version="1.0" encoding="UTF-8"?>
<!-- Generated by org.testng.reporters.JUnitReportReporter -->
<testsuite hostname="LTIN529064" failures="0" tests="1" name="E2E_Testcases.TC290_P0_E2E_CreateColors_SL_FG" time="100.375" errors="0" timestamp="2024-09-24T18:06:53 IST" skipped="0">
  <testcase classname="E2E_Testcases.TC290_P0_E2E_CreateColors_SL_FG" name="P0_TC290_E2E_create_color_FG" time="100.375"/>
</testsuite> <!-- E2E_Testcases.TC290_P0_E2E_CreateColors_SL_FG -->
