<?xml version="1.0" encoding="UTF-8"?>
<!-- Generated by org.testng.reporters.JUnitReportReporter -->
<testsuite hostname="BYODIIcU3lIgowY" failures="0" tests="1" name="Flex_PLM.Season_Create_Update" time="257.663" errors="0" timestamp="2024-05-14T19:32:02 IST" skipped="0">
  <testcase classname="Flex_PLM.Season_Create_Update" name="orderAllocation" time="257.663"/>
</testsuite> <!-- Flex_PLM.Season_Create_Update -->
