<?xml version="1.0" encoding="UTF-8"?>
<!-- Generated by org.testng.reporters.JUnitReportReporter -->
<testsuite hostname="LTIN529064" failures="0" tests="1" name="P2_TestCases.TC03_P2_Color_UpdatePrintsPatterncolor_seasonalPalette" time="59.702" errors="0" timestamp="2024-10-11T13:01:14 IST" skipped="0">
  <testcase classname="P2_TestCases.TC03_P2_Color_UpdatePrintsPatterncolor_seasonalPalette" name="P2_TC03_UpdatePrintsPatterncolor_seasonalPalette" time="59.702"/>
</testsuite> <!-- P2_TestCases.TC03_P2_Color_UpdatePrintsPatterncolor_seasonalPalette -->
