<?xml version="1.0" encoding="UTF-8"?>
<!-- Generated by org.testng.reporters.JUnitReportReporter -->
<testsuite hostname="LTIN529064" failures="0" tests="1" name="P0_TestCases.TC19_P0_Update_PC_LSUS" time="141.851" errors="0" timestamp="2024-08-08T16:05:04 IST" skipped="0">
  <testcase classname="P0_TestCases.TC19_P0_Update_PC_LSUS" name="TC_19_Update_US_Product_Segmentation_with_same_Profit_Center_LEVIS_product" time="141.851"/>
</testsuite> <!-- P0_TestCases.TC19_P0_Update_PC_LSUS -->
