<?xml version="1.0" encoding="UTF-8"?>
<!-- Generated by org.testng.reporters.JUnitReportReporter -->
<testsuite hostname="LTIN529064" failures="0" tests="1" name="E2E_Testcases.TC316_P0_E2E_BulkTechpackURL" time="148.602" errors="0" timestamp="2024-08-06T19:22:49 IST" skipped="0">
  <testcase classname="E2E_Testcases.TC316_P0_E2E_BulkTechpackURL" name="P0_TC316_E2E_BulkURL" time="148.602"/>
</testsuite> <!-- E2E_Testcases.TC316_P0_E2E_BulkTechpackURL -->
