<?xml version="1.0" encoding="UTF-8"?>
<!-- Generated by org.testng.reporters.JUnitReportReporter -->
<testsuite hostname="LTIN529064" failures="0" tests="1" name="P1_Testcases.TC03_P1_UpdateExistingHeather_verifyName" time="169.702" errors="0" timestamp="2024-09-03T16:35:27 IST" skipped="0">
  <testcase classname="P1_Testcases.TC03_P1_UpdateExistingHeather_verifyName" name="P1_TC03_Update_Heathers" time="169.702"/>
</testsuite> <!-- P1_Testcases.TC03_P1_UpdateExistingHeather_verifyName -->
