<?xml version="1.0" encoding="UTF-8"?>
<!-- Generated by org.testng.reporters.JUnitReportReporter -->
<testsuite hostname="LTIN529064" failures="0" tests="1" name="P1_Testcases.TC06_P1_ValidateFilters_DataValidation" time="75.597" errors="0" timestamp="2024-09-04T11:15:02 IST" skipped="0">
  <testcase classname="P1_Testcases.TC06_P1_ValidateFilters_DataValidation" name="P1_TC_06_ValidateLinesheet_Datavalidation_Filter" time="75.597"/>
</testsuite> <!-- P1_Testcases.TC06_P1_ValidateFilters_DataValidation -->
