<?xml version="1.0" encoding="UTF-8"?>
<!-- Generated by org.testng.reporters.JUnitReportReporter -->
<testsuite hostname="LTIN529064" failures="0" tests="1" name="AdditionalTestcases.TC_SetUP_And_Activate_LSE_Linesheet" time="1055.905" errors="0" timestamp="2024-10-17T14:20:42 IST" skipped="0">
  <testcase classname="AdditionalTestcases.TC_SetUP_And_Activate_LSE_Linesheet" name="TC_SetUp_and_ActivateLSE_Linesheet" time="1055.905"/>
</testsuite> <!-- AdditionalTestcases.TC_SetUP_And_Activate_LSE_Linesheet -->
