<?xml version="1.0" encoding="UTF-8"?>
<!-- Generated by org.testng.reporters.JUnitReportReporter -->
<testsuite hostname="LTIN529064" failures="0" tests="1" name="TestData_Testcases.TC07_P3_TargetFOBLoadersFile_CheckLogEntry" time="303.432" errors="0" timestamp="2024-10-22T15:30:34 IST" skipped="0">
  <testcase classname="TestData_Testcases.TC07_P3_TargetFOBLoadersFile_CheckLogEntry" name="P3_TC_07_TargetFOB_CheckLogEntry" time="303.432"/>
</testsuite> <!-- TestData_Testcases.TC07_P3_TargetFOBLoadersFile_CheckLogEntry -->
