<?xml version="1.0" encoding="UTF-8"?>
<!-- Generated by org.testng.reporters.JUnitReportReporter -->
<testsuite hostname="LTIN529064" failures="0" tests="1" name="P0_TestCases.TC15_P0_GD_Generate_TP_BOMOnly" time="144.713" errors="0" timestamp="2024-10-16T18:43:39 IST" skipped="0">
  <testcase classname="P0_TestCases.TC15_P0_GD_Generate_TP_BOMOnly" name="P0_TC01_TechPack_PDView" time="144.713"/>
</testsuite> <!-- P0_TestCases.TC15_P0_GD_Generate_TP_BOMOnly -->
