<?xml version="1.0" encoding="UTF-8"?>
<!-- Generated by org.testng.reporters.JUnitReportReporter -->
<testsuite hostname="LTIN529064" failures="0" tests="1" name="P0_TestCases.TC01_P0_Validate_ProductSegmentationLSE" time="75.625" errors="0" timestamp="2024-08-08T12:59:09 IST" skipped="0">
  <testcase classname="P0_TestCases.TC01_P0_Validate_ProductSegmentationLSE" name="P0_TC_Product_001_Verify_LSE_Product_Segmentation_Create_PC9_for_type_Levis_MensBottoms" time="75.625"/>
</testsuite> <!-- P0_TestCases.TC01_P0_Validate_ProductSegmentationLSE -->
