<?xml version="1.0" encoding="UTF-8"?>
<!-- Generated by org.testng.reporters.JUnitReportReporter -->
<testsuite hostname="LTIN529064" failures="0" tests="1" name="P2_TestCases.TC04_P2_Color_UpdateLookInformation_SeasonalLook" time="122.102" errors="0" timestamp="2024-10-11T13:23:34 IST" skipped="0">
  <testcase classname="P2_TestCases.TC04_P2_Color_UpdateLookInformation_SeasonalLook" name="P2_TC04_UpdateLookInformation_seasonalPalette" time="122.102"/>
</testsuite> <!-- P2_TestCases.TC04_P2_Color_UpdateLookInformation_SeasonalLook -->
