<?xml version="1.0" encoding="UTF-8"?>
<!-- Generated by org.testng.reporters.JUnitReportReporter -->
<testsuite hostname="LTIN529064" failures="0" tests="1" name="P0_TestCases.TC02_P0_AdoptionLH" time="128.214" errors="0" timestamp="2024-10-03T20:17:59 IST" skipped="0">
  <testcase classname="P0_TestCases.TC02_P0_AdoptionLH" name="P0_TC_02_Adoption_at_LH_Levis_FG_PDC_GB_HOT_GB" time="128.214"/>
</testsuite> <!-- P0_TestCases.TC02_P0_AdoptionLH -->
