<?xml version="1.0" encoding="UTF-8"?>
<!-- Generated by org.testng.reporters.JUnitReportReporter -->
<testsuite hostname="LTIN529064" failures="0" tests="1" name="P1_Testcases.TC59_P1_Placement_ValidateBlank_CHINA_GDV_value" time="133.007" errors="0" timestamp="2024-10-18T19:07:27 IST" skipped="0">
  <testcase classname="P1_Testcases.TC59_P1_Placement_ValidateBlank_CHINA_GDV_value" name="P1_TC_59_Placement_Blank_CHINA_GDV_value" time="133.007"/>
</testsuite> <!-- P1_Testcases.TC59_P1_Placement_ValidateBlank_CHINA_GDV_value -->
