<?xml version="1.0" encoding="UTF-8"?>
<!-- Generated by org.testng.reporters.JUnitReportReporter -->
<testsuite hostname="LTIN529064" failures="0" tests="1" name="P1_Testcases.TC57_P1_Placement_ValidateBlank_MX_GDV_value" time="103.361" errors="0" timestamp="2024-10-18T18:56:14 IST" skipped="0">
  <testcase classname="P1_Testcases.TC57_P1_Placement_ValidateBlank_MX_GDV_value" name="P1_TC_57_Placement_Blank_MXGDV_value" time="103.361"/>
</testsuite> <!-- P1_Testcases.TC57_P1_Placement_ValidateBlank_MX_GDV_value -->
