<?xml version="1.0" encoding="UTF-8"?>
<!-- Generated by org.testng.reporters.JUnitReportReporter -->
<testsuite hostname="LTIN529064" failures="0" tests="1" name="P0_TestCases.TC03_P0_Placements_Results_Blank_Brand" time="78.542" errors="0" timestamp="2024-08-09T14:48:43 IST" skipped="0">
  <testcase classname="P0_TestCases.TC03_P0_Placements_Results_Blank_Brand" name="TC_03_P0_Placements_Results_BlankBrand" time="78.542"/>
</testsuite> <!-- P0_TestCases.TC03_P0_Placements_Results_Blank_Brand -->
