<?xml version="1.0" encoding="UTF-8"?>
<!-- Generated by org.testng.reporters.JUnitReportReporter -->
<testsuite hostname="LTIN529064" failures="0" tests="1" name="P0_TestCases.P0_TC_4" time="102.169" errors="0" timestamp="2024-06-25T15:53:28 IST" skipped="0">
  <testcase classname="P0_TestCases.P0_TC_4" name="P0_TC_4" time="102.169"/>
</testsuite> <!-- P0_TestCases.P0_TC_4 -->
