<?xml version="1.0" encoding="UTF-8"?>
<!-- Generated by org.testng.reporters.JUnitReportReporter -->
<testsuite hostname="LTIN529064" failures="0" tests="1" name="P1_Testcases.TC17_P1_VerifyProfitCenter_US" time="75.156" errors="0" timestamp="2024-09-03T17:04:36 IST" skipped="0">
  <testcase classname="P1_Testcases.TC17_P1_VerifyProfitCenter_US" name="P1_TC_Product_017_VerifyProfitCenterUS" time="75.156"/>
</testsuite> <!-- P1_Testcases.TC17_P1_VerifyProfitCenter_US -->
