<?xml version="1.0" encoding="UTF-8"?>
<!-- Generated by org.testng.reporters.JUnitReportReporter -->
<testsuite hostname="LTIN529064" failures="0" tests="1" name="P0_TestCases.TC01_P0_Season_SeasonalGroupsValidations_Male" time="86.740" errors="0" timestamp="2024-08-09T15:05:11 IST" skipped="0">
  <testcase classname="P0_TestCases.TC01_P0_Season_SeasonalGroupsValidations_Male" name="P0_TC_01_createLevis_seasoanlgroupsvalidations" time="86.740"/>
</testsuite> <!-- P0_TestCases.TC01_P0_Season_SeasonalGroupsValidations_Male -->
