<?xml version="1.0" encoding="UTF-8"?>
<!-- Generated by org.testng.reporters.JUnitReportReporter -->
<testsuite hostname="LTIN529064" failures="0" tests="1" name="P1_Testcases.TC191_P1_CreatePC9_usingPaletteColor" time="163.254" errors="0" timestamp="2024-09-03T20:19:12 IST" skipped="0">
  <testcase classname="P1_Testcases.TC191_P1_CreatePC9_usingPaletteColor" name="P1_TC25_VerifyLookdetails_InCreatePC9" time="163.254"/>
</testsuite> <!-- P1_Testcases.TC191_P1_CreatePC9_usingPaletteColor -->
