<?xml version="1.0" encoding="UTF-8"?>
<!-- Generated by org.testng.reporters.JUnitReportReporter -->
<testsuite hostname="LTIN529064" failures="0" tests="1" name="P1_Testcases.TC12_P1_VerifySeasonalLook_InCreatePC9" time="285.991" errors="0" timestamp="2024-10-18T14:18:57 IST" skipped="0">
  <testcase classname="P1_Testcases.TC12_P1_VerifySeasonalLook_InCreatePC9" name="P1_TC12_VerifySeasonalLookdetails_InCreatePC9" time="285.991"/>
</testsuite> <!-- P1_Testcases.TC12_P1_VerifySeasonalLook_InCreatePC9 -->
