<?xml version="1.0" encoding="UTF-8"?>
<!-- Generated by org.testng.reporters.JUnitReportReporter -->
<testsuite hostname="LTIN529064" failures="0" tests="1" name="P0_TestCases.P0_TC__13_14_15" time="65.845" errors="0" timestamp="2024-07-11T18:21:17 IST" skipped="0">
  <testcase classname="P0_TestCases.P0_TC__13_14_15" name="P0_TC_Product_002_Verify_LSUS_Product_Segmentation_Create_PC9_for_type_Levis_MensBottoms" time="65.845"/>
</testsuite> <!-- P0_TestCases.P0_TC__13_14_15 -->
