<?xml version="1.0" encoding="UTF-8"?>
<!-- Generated by org.testng.reporters.JUnitReportReporter -->
<testsuite hostname="LTIN426032" failures="0" tests="1" name="P0_TestCases.TC16_P0_VerifySourceAddingAndRemovingFunctionality" time="186.043" errors="0" timestamp="2024-10-29T08:31:29 IST" skipped="0">
  <testcase classname="P0_TestCases.TC16_P0_VerifySourceAddingAndRemovingFunctionality" name="P0_TC16_VerifySourceAddingAndRemovingFunctionality" time="186.043"/>
</testsuite> <!-- P0_TestCases.TC16_P0_VerifySourceAddingAndRemovingFunctionality -->
