<?xml version="1.0" encoding="UTF-8"?>
<!-- Generated by org.testng.reporters.JUnitReportReporter -->
<testsuite hostname="LTIN529064" failures="0" tests="1" name="TestData_Testcases.TC02_P3_ActivateColorway_LSE" time="154.138" errors="0" timestamp="2024-10-14T16:29:47 IST" skipped="0">
  <testcase classname="TestData_Testcases.TC02_P3_ActivateColorway_LSE" name="TC_SetUp_and_ActivateLSE_Linesheet" time="154.138"/>
</testsuite> <!-- TestData_Testcases.TC02_P3_ActivateColorway_LSE -->
