<?xml version="1.0" encoding="UTF-8"?>
<!-- Generated by org.testng.reporters.JUnitReportReporter -->
<testsuite hostname="LTIN426032" failures="0" tests="1" name="CreateMultiple_TestData.TC20_P3_Staging_CreateSeasonGroupToSKULink" time="423.690" errors="0" timestamp="2024-10-29T14:14:59 IST" skipped="0">
  <testcase classname="CreateMultiple_TestData.TC20_P3_Staging_CreateSeasonGroupToSKULink" name="P3_TC20_CreateSeasonGroupAndAssociateColorway" time="423.690"/>
</testsuite> <!-- CreateMultiple_TestData.TC20_P3_Staging_CreateSeasonGroupToSKULink -->
