<?xml version="1.0" encoding="UTF-8"?>
<!-- Generated by org.testng.reporters.JUnitReportReporter -->
<testsuite hostname="LTIN529064" failures="0" tests="1" name="E2E_Testcases.TC294_P0_E2E_Change_AdoptedLHValue" time="88.569" errors="0" timestamp="2024-09-24T18:25:20 IST" skipped="0">
  <testcase classname="E2E_Testcases.TC294_P0_E2E_Change_AdoptedLHValue" name="P0_TC294_E2E_Change_AdoptionLHValue" time="88.569"/>
</testsuite> <!-- E2E_Testcases.TC294_P0_E2E_Change_AdoptedLHValue -->
