<?xml version="1.0" encoding="UTF-8"?>
<!-- Generated by org.testng.reporters.JUnitReportReporter -->
<testsuite hostname="LTIN426032" failures="0" tests="1" name="P0_TestCases.TC63_P0_Linesheet_DeleteFilter" time="40.591" errors="0" timestamp="2024-10-28T17:39:32 IST" skipped="0">
  <testcase classname="P0_TestCases.TC63_P0_Linesheet_DeleteFilter" name="P0_TC_063_Filters_Verify_Filters_Delete" time="40.591"/>
</testsuite> <!-- P0_TestCases.TC63_P0_Linesheet_DeleteFilter -->
