<?xml version="1.0" encoding="UTF-8"?>
<!-- Generated by org.testng.reporters.JUnitReportReporter -->
<testsuite hostname="LTIN529064" failures="0" tests="1" name="P0_TestCases.TC03_P0_Measurements_Create_POM" time="96.275" errors="0" timestamp="2024-10-03T21:15:56 IST" skipped="0">
  <testcase classname="P0_TestCases.TC03_P0_Measurements_Create_POM" name="TC_03_P0_CreateNewPOMpoints" time="96.275"/>
</testsuite> <!-- P0_TestCases.TC03_P0_Measurements_Create_POM -->
