<?xml version="1.0" encoding="UTF-8"?>
<!-- Generated by org.testng.reporters.JUnitReportReporter -->
<testsuite hostname="LTIN529064" failures="0" tests="1" name="TestData_Testcases.TC01_P3_Staging_CreateColor_VerifyStagingId" time="200.472" errors="0" timestamp="2024-10-15T12:52:38 IST" skipped="0">
  <testcase classname="TestData_Testcases.TC01_P3_Staging_CreateColor_VerifyStagingId" name="P3_TC01_StagingIntegration_CreateColor_VerifyStagingId" time="200.472"/>
</testsuite> <!-- TestData_Testcases.TC01_P3_Staging_CreateColor_VerifyStagingId -->
