<?xml version="1.0" encoding="UTF-8"?>
<!-- Generated by org.testng.reporters.JUnitReportReporter -->
<testsuite hostname="LTIN529064" failures="0" tests="1" name="P0_TestCases.TC17_P0_SetUpLSE" time="91.367" errors="0" timestamp="2024-08-21T16:02:37 IST" skipped="0">
  <testcase classname="P0_TestCases.TC17_P0_SetUpLSE" name="P0_TC_17_Create_Levis_Product_and_setup_a_LSE" time="91.367"/>
</testsuite> <!-- P0_TestCases.TC17_P0_SetUpLSE -->
