<?xml version="1.0" encoding="UTF-8"?>
<!-- Generated by org.testng.reporters.JUnitReportReporter -->
<testsuite hostname="LTIN529064" failures="0" tests="1" name="P1_Testcases.TC25_P1__CopyCarryover_SetUpLSE_LSUS_CopiedProduct" time="106.066" errors="0" timestamp="2024-08-22T18:22:06 IST" skipped="0">
  <testcase classname="P1_Testcases.TC25_P1__CopyCarryover_SetUpLSE_LSUS_CopiedProduct" name="P1_TC_carryover_25_SetUpLSE_LSUS" time="106.066"/>
</testsuite> <!-- P1_Testcases.TC25_P1__CopyCarryover_SetUpLSE_LSUS_CopiedProduct -->
