<?xml version="1.0" encoding="UTF-8"?>
<!-- Generated by org.testng.reporters.JUnitReportReporter -->
<testsuite hostname="LTIN529064" failures="0" tests="1" name="P2_TestCases.TC09_P2_ColorwaySeason_Freezingtrigers_SetUpLSE" time="221.874" errors="0" timestamp="2024-10-11T17:15:27 IST" skipped="0">
  <testcase classname="P2_TestCases.TC09_P2_ColorwaySeason_Freezingtrigers_SetUpLSE" name="P2_TC_09_Freezingtrigers_LSE" time="221.874"/>
</testsuite> <!-- P2_TestCases.TC09_P2_ColorwaySeason_Freezingtrigers_SetUpLSE -->
