<?xml version="1.0" encoding="UTF-8"?>
<!-- Generated by org.testng.reporters.JUnitReportReporter -->
<testsuite hostname="LTIN529064" failures="0" tests="1" name="P0_TestCases.TC17_P0_CopyProduct" time="133.318" errors="0" timestamp="2024-10-01T19:29:13 IST" skipped="0">
  <testcase classname="P0_TestCases.TC17_P0_CopyProduct" name="P0_TC_017_Copy_product_to_a_new_season_of_same_brand" time="133.318"/>
</testsuite> <!-- P0_TestCases.TC17_P0_CopyProduct -->
