<?xml version="1.0" encoding="UTF-8"?>
<!-- Generated by org.testng.reporters.JUnitReportReporter -->
<testsuite hostname="LTIN529064" failures="0" tests="1" name="P1_Testcases.TC03_P1_setUPLSUS_usingLinesheet" time="82.845" errors="0" timestamp="2024-09-03T20:30:34 IST" skipped="0">
  <testcase classname="P1_Testcases.TC03_P1_setUPLSUS_usingLinesheet" name="P1_TC03_SetUpLSUS_Linesheet" time="82.845"/>
</testsuite> <!-- P1_Testcases.TC03_P1_setUPLSUS_usingLinesheet -->
