<?xml version="1.0" encoding="UTF-8"?>
<!-- Generated by org.testng.reporters.JUnitReportReporter -->
<testsuite hostname="LTIN529064" failures="0" tests="1" name="P2_TestCases.TC167_P2_Colorway_CreatePC9_withBFFcolor" time="264.443" errors="0" timestamp="2024-10-15T16:24:03 IST" skipped="0">
  <testcase classname="P2_TestCases.TC167_P2_Colorway_CreatePC9_withBFFcolor" name="P2_TC167_CreatePC9_SeasonalBFF" time="264.443"/>
</testsuite> <!-- P2_TestCases.TC167_P2_Colorway_CreatePC9_withBFFcolor -->
