<?xml version="1.0" encoding="UTF-8"?>
<!-- Generated by org.testng.reporters.JUnitReportReporter -->
<testsuite hostname="LTIN529064" failures="0" tests="1" name="TestData_Testcases.TC19_P3_Staging_CreateColorway_VerifyStagingId" time="397.092" errors="0" timestamp="2024-10-15T15:29:52 IST" skipped="0">
  <testcase classname="TestData_Testcases.TC19_P3_Staging_CreateColorway_VerifyStagingId" name="P3_TC19_CreateColorway_VerifyStagingId" time="397.092"/>
</testsuite> <!-- TestData_Testcases.TC19_P3_Staging_CreateColorway_VerifyStagingId -->
