<?xml version="1.0" encoding="UTF-8"?>
<!-- Generated by org.testng.reporters.JUnitReportReporter -->
<testsuite hostname="LTIN529064" failures="0" tests="1" name="P1_Testcases.TC01_P1_Techpack_MassEditable_PDView" time="66.551" errors="0" timestamp="2024-10-21T12:41:56 IST" skipped="0">
  <testcase classname="P1_Testcases.TC01_P1_Techpack_MassEditable_PDView" name="P1_TC01_MassEditable_TechpackPDView" time="66.551"/>
</testsuite> <!-- P1_Testcases.TC01_P1_Techpack_MassEditable_PDView -->
