<?xml version="1.0" encoding="UTF-8"?>
<!-- Generated by org.testng.reporters.JUnitReportReporter -->
<testsuite hostname="LTIN426032" failures="0" tests="1" name="CreateMultiple_TestData.TC18_P3_Staging_CreateProduct_VerifyStagingID" time="88.386" errors="0" timestamp="2024-10-30T12:27:36 IST" skipped="0">
  <testcase classname="CreateMultiple_TestData.TC18_P3_Staging_CreateProduct_VerifyStagingID" name="P0_TC02_E2E_ProductCreation" time="88.386"/>
</testsuite> <!-- CreateMultiple_TestData.TC18_P3_Staging_CreateProduct_VerifyStagingID -->
