<?xml version="1.0" encoding="UTF-8"?>
<!-- Generated by org.testng.reporters.JUnitReportReporter -->
<testsuite hostname="LTIN529064" failures="0" tests="1" name="P1_Testcases.TC12_P1_ValidateFilters_Placement" time="70.882" errors="0" timestamp="2024-08-27T11:02:55 IST" skipped="0">
  <testcase classname="P1_Testcases.TC12_P1_ValidateFilters_Placement" name="P1_TC_12_ValidateFilter_Placement" time="70.882"/>
</testsuite> <!-- P1_Testcases.TC12_P1_ValidateFilters_Placement -->
