<?xml version="1.0" encoding="UTF-8"?>
<!-- Generated by org.testng.reporters.JUnitReportReporter -->
<testsuite hostname="LTIN529064" failures="0" tests="1" name="P0_TestCases.TC05_P0_TechPack_DownloadBOMTechpack" time="147.355" errors="0" timestamp="2024-10-16T18:20:07 IST" skipped="0">
  <testcase classname="P0_TestCases.TC05_P0_TechPack_DownloadBOMTechpack" name="P0_TC01_TechPack_PDView" time="147.355"/>
</testsuite> <!-- P0_TestCases.TC05_P0_TechPack_DownloadBOMTechpack -->
