<?xml version="1.0" encoding="UTF-8"?>
<!-- Generated by org.testng.reporters.JUnitReportReporter -->
<testsuite hostname="LTIN529064" failures="0" tests="1" name="P0_TestCases.TC36_P0_Placements_UpdatingMultiplePlacementValue" time="101.117" errors="0" timestamp="2024-08-09T14:58:16 IST" skipped="0">
  <testcase classname="P0_TestCases.TC36_P0_Placements_UpdatingMultiplePlacementValue" name="TC36_P0_Placements_Updatin_placements_values" time="101.117"/>
</testsuite> <!-- P0_TestCases.TC36_P0_Placements_UpdatingMultiplePlacementValue -->
