<?xml version="1.0" encoding="UTF-8"?>
<!-- Generated by org.testng.reporters.JUnitReportReporter -->
<testsuite hostname="LTIN529064" failures="0" tests="1" name="P0_TestCases.TC14_P0_Validate_ProductDevCenter" time="73.432" errors="0" timestamp="2024-08-08T14:06:19 IST" skipped="0">
  <testcase classname="P0_TestCases.TC14_P0_Validate_ProductDevCenter" name="P0_TC_Product_014_Verify_Product_Dev_Center_value_Create_PC9_for_type_Levis_MensBottoms" time="73.432"/>
</testsuite> <!-- P0_TestCases.TC14_P0_Validate_ProductDevCenter -->
