<?xml version="1.0" encoding="UTF-8"?>
<!-- Generated by org.testng.reporters.JUnitReportReporter -->
<testsuite hostname="LTIN529064" failures="0" tests="1" name="P0_TestCases.TC01_P0_Linesheet_ValidateFilters_Merch" time="79.237" errors="0" timestamp="2024-10-03T20:47:34 IST" skipped="0">
  <testcase classname="P0_TestCases.TC01_P0_Linesheet_ValidateFilters_Merch" name="P0_TC_01_ValidateLinesheet_Merch_Filter" time="79.237"/>
</testsuite> <!-- P0_TestCases.TC01_P0_Linesheet_ValidateFilters_Merch -->
