<?xml version="1.0" encoding="UTF-8"?>
<!-- Generated by org.testng.reporters.JUnitReportReporter -->
<testsuite hostname="LTIN529064" failures="0" tests="2" name="P0_TestCases.TC01_TechPack_PDView" time="97.222" errors="0" timestamp="2024-07-30T17:03:04 IST" skipped="0">
  <testcase classname="P0_TestCases.TC01_TechPack_PDView" name="P0_TC_02_Adoption_at_LH_Levis_FG_PDC_GB_HOT_GB" time="58.190"/>
  <testcase classname="P0_TestCases.TC01_TechPack_PDView" name="P0_TC_02_Adoption_at_LH_Levis_FG_PDC_GB_HOT_GB" time="39.032"/>
</testsuite> <!-- P0_TestCases.TC01_TechPack_PDView -->
