<?xml version="1.0" encoding="UTF-8"?>
<!-- Generated by org.testng.reporters.JUnitReportReporter -->
<testsuite hostname="BYODIIcU3lIgowY" failures="0" tests="1" name="WMS_SingsOrd_Batch_3.WMS_Single_Gift_Wrap" time="142.965" errors="0" timestamp="2024-04-23T13:37:42 IST" skipped="0">
  <testcase classname="WMS_SingsOrd_Batch_3.WMS_Single_Gift_Wrap" name="orderAllocation" time="142.965"/>
</testsuite> <!-- WMS_SingsOrd_Batch_3.WMS_Single_Gift_Wrap -->
