<?xml version="1.0" encoding="UTF-8"?>
<!-- Generated by org.testng.reporters.JUnitReportReporter -->
<testsuite hostname="LTIN529064" failures="0" tests="1" name="P0_TestCases.TC_01_P0_CS_SeasonalGroupsValidations_Male" time="14.260" errors="0" timestamp="2024-08-02T12:33:27 IST" skipped="0">
  <testcase classname="P0_TestCases.TC_01_P0_CS_SeasonalGroupsValidations_Male" name="P0_TC_01_createLevis_seasoanlgroupsvalidations" time="14.260"/>
</testsuite> <!-- P0_TestCases.TC_01_P0_CS_SeasonalGroupsValidations_Male -->
