<?xml version="1.0" encoding="UTF-8"?>
<!-- Generated by org.testng.reporters.JUnitReportReporter -->
<testsuite hostname="LTIN529064" failures="0" tests="1" name="P0_TestCases.TC_01_P0_Season_SeasonalGroupsValidations_Male" time="86.366" errors="0" timestamp="2024-08-02T13:06:35 IST" skipped="0">
  <testcase classname="P0_TestCases.TC_01_P0_Season_SeasonalGroupsValidations_Male" name="P0_TC_01_createLevis_seasoanlgroupsvalidations" time="86.366"/>
</testsuite> <!-- P0_TestCases.TC_01_P0_Season_SeasonalGroupsValidations_Male -->
