<?xml version="1.0" encoding="UTF-8"?>
<!-- Generated by org.testng.reporters.JUnitReportReporter -->
<testsuite hostname="LTIN529064" failures="0" tests="1" name="P1_Testcases.TC06_P1_Techpack_GenerateTechpack_usingMeasurementsPage" time="178.659" errors="0" timestamp="2024-10-21T14:59:06 IST" skipped="0">
  <testcase classname="P1_Testcases.TC06_P1_Techpack_GenerateTechpack_usingMeasurementsPage" name="P1_TC06_Techpack_GenerateTechpack_usingMeasurementsPage" time="178.659"/>
</testsuite> <!-- P1_Testcases.TC06_P1_Techpack_GenerateTechpack_usingMeasurementsPage -->
