<?xml version="1.0" encoding="UTF-8"?>
<!-- Generated by org.testng.reporters.JUnitReportReporter -->
<testsuite hostname="LTIN529064" failures="0" tests="1" name="P1_Testcases.TC15_P1_validateFilters_Placement" time="120.599" errors="0" timestamp="2024-08-26T22:20:23 IST" skipped="0">
  <testcase classname="P1_Testcases.TC15_P1_validateFilters_Placement" name="P1_TC_15_ValidateLinesheet_Placement_Filter" time="120.599"/>
</testsuite> <!-- P1_Testcases.TC15_P1_validateFilters_Placement -->
