<?xml version="1.0" encoding="UTF-8"?>
<!-- Generated by org.testng.reporters.JUnitReportReporter -->
<testsuite hostname="LTIN529064" failures="0" tests="1" name="P2_TestCases.TC05_P2_Color_Delete_LookInformation" time="148.260" errors="0" timestamp="2024-10-11T13:46:58 IST" skipped="0">
  <testcase classname="P2_TestCases.TC05_P2_Color_Delete_LookInformation" name="P2_TC05_DeleteLookInformation" time="148.260"/>
</testsuite> <!-- P2_TestCases.TC05_P2_Color_Delete_LookInformation -->
