<?xml version="1.0" encoding="UTF-8"?>
<!-- Generated by org.testng.reporters.JUnitReportReporter -->
<testsuite hostname="LTIN529064" failures="0" tests="1" name="E2E_Testcases.TC320_P0_E2E_UploadPlacementFile" time="61.077" errors="0" timestamp="2024-10-18T18:27:32 IST" skipped="0">
  <testcase classname="E2E_Testcases.TC320_P0_E2E_UploadPlacementFile" name="P0_TC319_E2E_UploadPlacementFile" time="61.077"/>
</testsuite> <!-- E2E_Testcases.TC320_P0_E2E_UploadPlacementFile -->
