<?xml version="1.0" encoding="UTF-8"?>
<!-- Generated by org.testng.reporters.JUnitReportReporter -->
<testsuite hostname="LTIN529064" failures="0" tests="1" name="P0_TestCases.TC01_P0_Open_Palette_CreateColor" time="41.881" errors="0" timestamp="2024-07-12T18:15:40 IST" skipped="0">
  <testcase classname="P0_TestCases.TC01_P0_Open_Palette_CreateColor" name="P0_TC_3" time="41.881"/>
</testsuite> <!-- P0_TestCases.TC01_P0_Open_Palette_CreateColor -->
