<?xml version="1.0" encoding="UTF-8"?>
<!-- Generated by org.testng.reporters.JUnitReportReporter -->
<testsuite hostname="LTIN529064" failures="0" tests="1" name="P0_TestCases.TC01_P0_Views_ValidateLinesheet" time="15.623" errors="0" timestamp="2024-07-16T17:10:05 IST" skipped="0">
  <testcase classname="P0_TestCases.TC01_P0_Views_ValidateLinesheet" name="P0_TC_03_Adoption_at_AFF_Levis_FG_PDC_GB_HOT_GB" time="15.623"/>
</testsuite> <!-- P0_TestCases.TC01_P0_Views_ValidateLinesheet -->
