<?xml version="1.0" encoding="UTF-8"?>
<!-- Generated by org.testng.reporters.JUnitReportReporter -->
<testsuite hostname="LTIN529064" failures="0" tests="1" name="P1_Testcases.TC24_P1_Verify_updatePC9_thumbnail" time="184.101" errors="0" timestamp="2024-10-18T15:26:49 IST" skipped="0">
  <testcase classname="P1_Testcases.TC24_P1_Verify_updatePC9_thumbnail" name="P1_TC_Product_024_VerifyPC9Thumbnail" time="184.101"/>
</testsuite> <!-- P1_Testcases.TC24_P1_Verify_updatePC9_thumbnail -->
