<?xml version="1.0" encoding="UTF-8"?>
<!-- Generated by org.testng.reporters.JUnitReportReporter -->
<testsuite hostname="LTIN529064" failures="0" tests="1" name="P0_TestCases.TC02_P0_Validate_ProductSegmentationLSUS" time="120.361" errors="0" timestamp="2024-08-08T13:11:12 IST" skipped="0">
  <testcase classname="P0_TestCases.TC02_P0_Validate_ProductSegmentationLSUS" name="P0_TC_Product_002_Verify_LSUS_Product_Segmentation_Create_PC9_for_type_Levis_MensBottoms" time="120.361"/>
</testsuite> <!-- P0_TestCases.TC02_P0_Validate_ProductSegmentationLSUS -->
