<?xml version="1.0" encoding="UTF-8"?>
<!-- Generated by org.testng.reporters.JUnitReportReporter -->
<testsuite hostname="LTIN529064" failures="0" tests="1" name="E2E_Testcases.TC296_P0_E2E_FLAFinalizeView" time="130.902" errors="0" timestamp="2024-10-16T19:20:33 IST" skipped="0">
  <testcase classname="E2E_Testcases.TC296_P0_E2E_FLAFinalizeView" name="P0_TC296_E2E_FLA_VIEW" time="130.902"/>
</testsuite> <!-- E2E_Testcases.TC296_P0_E2E_FLAFinalizeView -->
