<?xml version="1.0" encoding="UTF-8"?>
<!-- Generated by org.testng.reporters.JUnitReportReporter -->
<testsuite hostname="LTIN529064" failures="0" tests="1" name="P2_TestCases.TC18_P2_CopyCarryover_CopyProduct_DifferentHierarchy" time="269.846" errors="0" timestamp="2024-10-11T17:26:15 IST" skipped="0">
  <testcase classname="P2_TestCases.TC18_P2_CopyCarryover_CopyProduct_DifferentHierarchy" name="P0_TC_018_Copy_product_differentHierarchy" time="269.846"/>
</testsuite> <!-- P2_TestCases.TC18_P2_CopyCarryover_CopyProduct_DifferentHierarchy -->
