<?xml version="1.0" encoding="UTF-8"?>
<!-- Generated by org.testng.reporters.JUnitReportReporter -->
<testsuite hostname="LTIN529064" failures="0" tests="1" name="P0_TestCases.TC11_P0_CL_CreateBulkColorway" time="63.991" errors="0" timestamp="2024-08-08T17:33:50 IST" skipped="0">
  <testcase classname="P0_TestCases.TC11_P0_CL_CreateBulkColorway" name="P0_TC_010_Verify_CustomLoader_for_Placement" time="63.991"/>
</testsuite> <!-- P0_TestCases.TC11_P0_CL_CreateBulkColorway -->
