<?xml version="1.0" encoding="UTF-8"?>
<!-- Generated by org.testng.reporters.JUnitReportReporter -->
<testsuite hostname="LTIN529064" failures="0" tests="1" name="P1_Testcases.TC33_P1_Verify_ReuseSeasonalLook_updatePC9" time="163.914" errors="0" timestamp="2024-10-18T15:42:07 IST" skipped="0">
  <testcase classname="P1_Testcases.TC33_P1_Verify_ReuseSeasonalLook_updatePC9" name="P1_TC_Product_33_Verify_Reuse_SeasonalLookColor" time="163.914"/>
</testsuite> <!-- P1_Testcases.TC33_P1_Verify_ReuseSeasonalLook_updatePC9 -->
