<?xml version="1.0" encoding="UTF-8"?>
<!-- Generated by org.testng.reporters.JUnitReportReporter -->
<testsuite hostname="LTIN426032" failures="0" tests="1" name="CreateMultiple_TestData.TC01_P3_CreateProduct_CheckLogEntry" time="601.674" errors="0" timestamp="2024-10-30T15:54:19 IST" skipped="0">
  <testcase classname="CreateMultiple_TestData.TC01_P3_CreateProduct_CheckLogEntry" name="P3_TC01_CreateProduct_CheckLogEntry" time="601.674"/>
</testsuite> <!-- CreateMultiple_TestData.TC01_P3_CreateProduct_CheckLogEntry -->
