<?xml version="1.0" encoding="UTF-8"?>
<!-- Generated by org.testng.reporters.JUnitReportReporter -->
<testsuite hostname="LTIN529064" failures="0" tests="1" name="P1_Testcases.TC33_Specifications_carryoverColorway" time="259.975" errors="0" timestamp="2024-08-22T13:54:23 IST" skipped="0">
  <testcase classname="P1_Testcases.TC33_Specifications_carryoverColorway" name="P0_TC_286_Carryover_PC5" time="259.975"/>
</testsuite> <!-- P1_Testcases.TC33_Specifications_carryoverColorway -->
