<?xml version="1.0" encoding="UTF-8"?>
<!-- Generated by org.testng.reporters.JUnitReportReporter -->
<testsuite hostname="LTIN529064" failures="0" tests="1" name="P0_TestCases.TC04_P0_Season_SeasonalGroupsValidations_Female" time="81.744" errors="0" timestamp="2024-08-09T15:13:19 IST" skipped="0">
  <testcase classname="P0_TestCases.TC04_P0_Season_SeasonalGroupsValidations_Female" name="P0_TC_01_createLevis_seasoanlgroupsvalidations" time="81.744"/>
</testsuite> <!-- P0_TestCases.TC04_P0_Season_SeasonalGroupsValidations_Female -->
