<?xml version="1.0" encoding="UTF-8"?>
<!-- Generated by org.testng.reporters.JUnitReportReporter -->
<testsuite hostname="LTIN529064" failures="0" tests="1" name="E2E_Testcases.TC301_P0_E2E_SetUp_LSUS_Linesheet" time="103.167" errors="0" timestamp="2024-10-16T19:52:38 IST" skipped="0">
  <testcase classname="E2E_Testcases.TC301_P0_E2E_SetUp_LSUS_Linesheet" name="P0_TC301_E2E_SetUpLSUS_Linesheet" time="103.167"/>
</testsuite> <!-- E2E_Testcases.TC301_P0_E2E_SetUp_LSUS_Linesheet -->
