<?xml version="1.0" encoding="UTF-8"?>
<!-- Generated by org.testng.reporters.JUnitReportReporter -->
<testsuite hostname="LTIN529064" failures="0" tests="1" name="TestData_Testcases.TC04_P3_Costwise_Massupdate_PDS_CheckLogEntry" time="280.327" errors="0" timestamp="2024-10-16T13:29:48 IST" skipped="0">
  <testcase classname="TestData_Testcases.TC04_P3_Costwise_Massupdate_PDS_CheckLogEntry" name="P3_TC04_MassUpdateLinesheet_PDS_logEntry_check" time="280.327"/>
</testsuite> <!-- TestData_Testcases.TC04_P3_Costwise_Massupdate_PDS_CheckLogEntry -->
