<?xml version="1.0" encoding="UTF-8"?>
<!-- Generated by org.testng.reporters.JUnitReportReporter -->
<testsuite hostname="LTIN529064" failures="0" tests="1" name="P0_TestCases.TC01_PO_Adoption_at_GB" time="217.781" errors="0" timestamp="2024-07-16T21:20:21 IST" skipped="0">
  <testcase classname="P0_TestCases.TC01_PO_Adoption_at_GB" name="testCase1" time="217.781"/>
</testsuite> <!-- P0_TestCases.TC01_PO_Adoption_at_GB -->
