<?xml version="1.0" encoding="UTF-8"?>
<!-- Generated by org.testng.reporters.JUnitReportReporter -->
<testsuite hostname="LTIN529064" failures="0" tests="1" name="P0_TestCases.TC01_P0_Views_ValidateLinesheet_Adoption" time="152.414" errors="0" timestamp="2024-10-03T20:42:35 IST" skipped="0">
  <testcase classname="P0_TestCases.TC01_P0_Views_ValidateLinesheet_Adoption" name="P0_TC_Check_attributes_in_the_Adoption_view" time="152.414"/>
</testsuite> <!-- P0_TestCases.TC01_P0_Views_ValidateLinesheet_Adoption -->
