<?xml version="1.0" encoding="UTF-8"?>
<!-- Generated by org.testng.reporters.JUnitReportReporter -->
<testsuite hostname="LTIN529064" failures="0" tests="1" name="P2_TestCases.TC24_P2_Techpack_CSTeschpack_download" time="125.201" errors="0" timestamp="2024-10-11T18:21:54 IST" skipped="0">
  <testcase classname="P2_TestCases.TC24_P2_Techpack_CSTeschpack_download" name="P2_TC24_CS_TechPack" time="125.201"/>
</testsuite> <!-- P2_TestCases.TC24_P2_Techpack_CSTeschpack_download -->
