<?xml version="1.0" encoding="UTF-8"?>
<!-- Generated by org.testng.reporters.JUnitReportReporter -->
<testsuite hostname="LTIN529064" failures="0" tests="1" name="P0_TestCases.P0_TC__6" time="67.484" errors="0" timestamp="2024-06-26T12:15:36 IST" skipped="0">
  <testcase classname="P0_TestCases.P0_TC__6" name="P0_TC_6" time="67.484"/>
</testsuite> <!-- P0_TestCases.P0_TC__6 -->
