<?xml version="1.0" encoding="UTF-8"?>
<!-- Generated by org.testng.reporters.JUnitReportReporter -->
<testsuite hostname="BYODIIcU3lIgowY" failures="0" tests="1" name="WMS_SingsOrd_Batch_3.PC5_Creation" time="165.941" errors="0" timestamp="2024-05-08T16:31:06 IST" skipped="0">
  <testcase classname="WMS_SingsOrd_Batch_3.PC5_Creation" name="orderAllocation" time="165.941"/>
</testsuite> <!-- WMS_SingsOrd_Batch_3.PC5_Creation -->
