<?xml version="1.0" encoding="UTF-8"?>
<!-- Generated by org.testng.reporters.JUnitReportReporter -->
<testsuite hostname="LTIN529064" failures="0" tests="1" name="P0_TestCases.TC34_P0_Specifications_CarryoverAttributes" time="104.834" errors="0" timestamp="2024-10-16T17:58:32 IST" skipped="0">
  <testcase classname="P0_TestCases.TC34_P0_Specifications_CarryoverAttributes" name="P0_TC34_CarryoverAttributes" time="104.834"/>
</testsuite> <!-- P0_TestCases.TC34_P0_Specifications_CarryoverAttributes -->
