<?xml version="1.0" encoding="UTF-8"?>
<!-- Generated by org.testng.reporters.JUnitReportReporter -->
<testsuite hostname="LTIN529064" failures="0" tests="1" name="P2_TestCases.TC15_P2_Linesheet_AdoptionLH_SetNO_Verify_Available" time="268.718" errors="0" timestamp="2024-10-11T17:56:47 IST" skipped="0">
  <testcase classname="P2_TestCases.TC15_P2_Linesheet_AdoptionLH_SetNO_Verify_Available" name="P2_TC15_Linesheet_Adoption_LH_SetNO" time="268.718"/>
</testsuite> <!-- P2_TestCases.TC15_P2_Linesheet_AdoptionLH_SetNO_Verify_Available -->
