<?xml version="1.0" encoding="UTF-8"?>
<!-- Generated by org.testng.reporters.JUnitReportReporter -->
<testsuite hostname="LTIN529064" failures="0" tests="1" name="P1_Testcases.TC20_P1_Verify_SampleDestroyIndicator" time="79.224" errors="0" timestamp="2024-09-03T18:11:09 IST" skipped="0">
  <testcase classname="P1_Testcases.TC20_P1_Verify_SampleDestroyIndicator" name="P1_TC_Product_020_VerifySampleDestroyIndicator_Value" time="79.224"/>
</testsuite> <!-- P1_Testcases.TC20_P1_Verify_SampleDestroyIndicator -->
