<?xml version="1.0" encoding="UTF-8"?>
<!-- Generated by org.testng.reporters.JUnitReportReporter -->
<testsuite hostname="LTIN529064" failures="0" tests="1" name="E2E_Testcases.TC291_P0_E2E_CreateColors_BFF" time="127.064" errors="0" timestamp="2024-09-24T18:11:53 IST" skipped="0">
  <testcase classname="E2E_Testcases.TC291_P0_E2E_CreateColors_BFF" name="P0_TC_9" time="127.064"/>
</testsuite> <!-- E2E_Testcases.TC291_P0_E2E_CreateColors_BFF -->
