<?xml version="1.0" encoding="UTF-8"?>
<!-- Generated by org.testng.reporters.JUnitReportReporter -->
<testsuite hostname="LTIN529064" failures="0" tests="1" name="P0_TestCases.TC04_P0_SCL_UpdateColorLookName" time="61.417" errors="0" timestamp="2024-08-08T13:25:11 IST" skipped="0">
  <testcase classname="P0_TestCases.TC04_P0_SCL_UpdateColorLookName" name="P0_TC_10" time="61.417"/>
</testsuite> <!-- P0_TestCases.TC04_P0_SCL_UpdateColorLookName -->
