<?xml version="1.0" encoding="UTF-8"?>
<!-- Generated by org.testng.reporters.JUnitReportReporter -->
<testsuite hostname="LTIN529064" failures="0" tests="1" name="P0_TestCases.P0_TC__4" time="80.263" errors="0" timestamp="2024-07-11T17:56:43 IST" skipped="0">
  <testcase classname="P0_TestCases.P0_TC__4" name="P0_TC_4" time="80.263"/>
</testsuite> <!-- P0_TestCases.P0_TC__4 -->
