<?xml version="1.0" encoding="UTF-8"?>
<!-- Generated by org.testng.reporters.JUnitReportReporter -->
<testsuite hostname="LTIN426032" failures="0" tests="1" name="CreateMultiple_TestData.TC12_P3_Staging_CreateFabricTypeMaterial_VerifyStagingID" time="385.551" errors="0" timestamp="2024-10-29T18:56:47 IST" skipped="0">
  <testcase classname="CreateMultiple_TestData.TC12_P3_Staging_CreateFabricTypeMaterial_VerifyStagingID" name="P3_TC12_Integration_Staging_CreateMaterial" time="385.551"/>
</testsuite> <!-- CreateMultiple_TestData.TC12_P3_Staging_CreateFabricTypeMaterial_VerifyStagingID -->
