<?xml version="1.0" encoding="UTF-8"?>
<!-- Generated by org.testng.reporters.JUnitReportReporter -->
<testsuite hostname="LTIN529064" failures="0" tests="1" name="P0_TestCases.TC21_P0_CopyExistingColorway" time="150.735" errors="0" timestamp="2024-10-01T19:54:51 IST" skipped="0">
  <testcase classname="P0_TestCases.TC21_P0_CopyExistingColorway" name="P0_TC_021_022_Copy_an_existing_colorway_to_create_a_new_colorway" time="150.735"/>
</testsuite> <!-- P0_TestCases.TC21_P0_CopyExistingColorway -->
