<?xml version="1.0" encoding="UTF-8"?>
<!-- Generated by org.testng.reporters.JUnitReportReporter -->
<testsuite hostname="LTIN529064" failures="0" tests="1" name="Flex_PLM.PC5_Create_Update" time="20.958" errors="0" timestamp="2024-06-25T11:43:33 IST" skipped="0">
  <testcase classname="Flex_PLM.PC5_Create_Update" name="orderAllocation" time="20.958"/>
</testsuite> <!-- Flex_PLM.PC5_Create_Update -->
