<?xml version="1.0" encoding="UTF-8"?>
<!-- Generated by org.testng.reporters.JUnitReportReporter -->
<testsuite hostname="LTIN529064" failures="0" tests="1" name="P1_Testcases.TC08_P1_ValidateFilters_GlobalFilter" time="92.504" errors="0" timestamp="2024-08-26T13:00:28 IST" skipped="0">
  <testcase classname="P1_Testcases.TC08_P1_ValidateFilters_GlobalFilter" name="P0_TC_08_ValidateLinesheet_Global_Filter" time="92.504"/>
</testsuite> <!-- P1_Testcases.TC08_P1_ValidateFilters_GlobalFilter -->
