<?xml version="1.0" encoding="UTF-8"?>
<!-- Generated by org.testng.reporters.JUnitReportReporter -->
<testsuite hostname="LTIN529064" failures="0" tests="1" name="P1_Testcases.TC09_P1_CustomLoaders_MaterialPrice" time="61.053" errors="0" timestamp="2024-10-18T16:56:00 IST" skipped="0">
  <testcase classname="P1_Testcases.TC09_P1_CustomLoaders_MaterialPrice" name="P0_TC_009_Verify_CustomLoader_for_MaterialPrice" time="61.053"/>
</testsuite> <!-- P1_Testcases.TC09_P1_CustomLoaders_MaterialPrice -->
