<?xml version="1.0" encoding="UTF-8"?>
<!-- Generated by org.testng.reporters.JUnitReportReporter -->
<testsuite hostname="LTIN529064" failures="0" tests="1" name="P0_TestCases.TC14_P0_Linesheet_ValidateFilters_techpack" time="96.733" errors="0" timestamp="2024-10-03T20:57:32 IST" skipped="0">
  <testcase classname="P0_TestCases.TC14_P0_Linesheet_ValidateFilters_techpack" name="P0_TC_14_ValidateLinesheet_TechPack_Filter" time="96.733"/>
</testsuite> <!-- P0_TestCases.TC14_P0_Linesheet_ValidateFilters_techpack -->
