<?xml version="1.0" encoding="UTF-8"?>
<!-- Generated by org.testng.reporters.JUnitReportReporter -->
<testsuite hostname="LTIN529064" failures="0" tests="1" name="P2_TestCases.TC01_P2_TechPack_MassEditable_PDView" time="186.031" errors="0" timestamp="2024-10-11T18:14:18 IST" skipped="0">
  <testcase classname="P2_TestCases.TC01_P2_TechPack_MassEditable_PDView" name="P2_TC01_TechPack_MassEditable" time="186.031"/>
</testsuite> <!-- P2_TestCases.TC01_P2_TechPack_MassEditable_PDView -->
