<?xml version="1.0" encoding="UTF-8"?>
<!-- Generated by org.testng.reporters.JUnitReportReporter -->
<testsuite hostname="LTIN529064" failures="0" tests="1" name="P0_TestCases.TC04_P0_Create_PC9" time="156.588" errors="0" timestamp="2024-09-04T12:51:06 IST" skipped="0">
  <testcase classname="P0_TestCases.TC04_P0_Create_PC9" name="P0_TC_Product_004_Verify__Create_PC9_for_type_Levis_MensBottoms" time="156.588"/>
</testsuite> <!-- P0_TestCases.TC04_P0_Create_PC9 -->
