<?xml version="1.0" encoding="UTF-8"?>
<!-- Generated by org.testng.reporters.JUnitReportReporter -->
<testsuite hostname="LTIN426032" failures="0" tests="1" name="P0_TestCases.TC20_P0_Material_CreateSundryMaterial" time="214.339" errors="0" timestamp="2024-10-29T16:44:12 IST" skipped="0">
  <testcase classname="P0_TestCases.TC20_P0_Material_CreateSundryMaterial" name="P0_TC_Material_Create_a_new_Material_for_type_Sundry_Button" time="214.339"/>
</testsuite> <!-- P0_TestCases.TC20_P0_Material_CreateSundryMaterial -->
