<?xml version="1.0" encoding="UTF-8"?>
<!-- Generated by org.testng.reporters.JUnitReportReporter -->
<testsuite hostname="LTIN529064" failures="0" tests="1" name="E2E_Testcases.TC315_P0_E2E_Specifications_AddImage" time="111.023" errors="0" timestamp="2024-10-16T20:38:15 IST" skipped="0">
  <testcase classname="E2E_Testcases.TC315_P0_E2E_Specifications_AddImage" name="P0_TC324_E2E_VerifyPlacementFile" time="111.023"/>
</testsuite> <!-- E2E_Testcases.TC315_P0_E2E_Specifications_AddImage -->
