<?xml version="1.0" encoding="UTF-8"?>
<!-- Generated by org.testng.reporters.JUnitReportReporter -->
<testsuite hostname="LTIN529064" failures="0" tests="1" name="P1_Testcases.TC195_P1_UpdatePC9_paletteColor" time="112.603" errors="0" timestamp="2024-09-03T20:22:26 IST" skipped="0">
  <testcase classname="P1_Testcases.TC195_P1_UpdatePC9_paletteColor" name="P1_TC25_VerifyLookdetails_InCreatePC9" time="112.603"/>
</testsuite> <!-- P1_Testcases.TC195_P1_UpdatePC9_paletteColor -->
