<?xml version="1.0" encoding="UTF-8"?>
<!-- Generated by org.testng.reporters.JUnitReportReporter -->
<testsuite hostname="LTIN529064" failures="0" tests="1" name="E2E_Testcases.TC318_P0_E2E_BulkBOMURL" time="241.293" errors="0" timestamp="2024-10-18T11:23:33 IST" skipped="0">
  <testcase classname="E2E_Testcases.TC318_P0_E2E_BulkBOMURL" name="P0_TC318_E2E_BulkBOMURL" time="241.293"/>
</testsuite> <!-- E2E_Testcases.TC318_P0_E2E_BulkBOMURL -->
