<?xml version="1.0" encoding="UTF-8"?>
<!-- Generated by org.testng.reporters.JUnitReportReporter -->
<testsuite hostname="LTIN529064" failures="0" tests="2" name="P0_TestCases.TC_01_CreateSeason_SeasonalGroupsValidations" time="138.564" errors="0" timestamp="2024-07-24T15:32:03 IST" skipped="0">
  <testcase classname="P0_TestCases.TC_01_CreateSeason_SeasonalGroupsValidations" name="P0_TC_01_createLevis_seasoanlgroupsvalidations" time="137.196"/>
  <testcase classname="P0_TestCases.TC_01_CreateSeason_SeasonalGroupsValidations" name="P0_TC_01_createLevis_seasoanlgroupsvalidations" time="1.368"/>
</testsuite> <!-- P0_TestCases.TC_01_CreateSeason_SeasonalGroupsValidations -->
