<?xml version="1.0" encoding="UTF-8"?>
<!-- Generated by org.testng.reporters.JUnitReportReporter -->
<testsuite hostname="LTIN529064" failures="0" tests="1" name="P1_Testcases.TC19_P1_Verify_ConsumerGroupExt_1_2" time="79.493" errors="0" timestamp="2024-09-03T17:10:02 IST" skipped="0">
  <testcase classname="P1_Testcases.TC19_P1_Verify_ConsumerGroupExt_1_2" name="P1_TC_Product_019_VerifyConsumerGroupExt_Value" time="79.493"/>
</testsuite> <!-- P1_Testcases.TC19_P1_Verify_ConsumerGroupExt_1_2 -->
