<?xml version="1.0" encoding="UTF-8"?>
<!-- Generated by org.testng.reporters.JUnitReportReporter -->
<testsuite hostname="LTIN529064" failures="0" tests="1" name="P1_Testcases.TC181_P1_addPD_GD_PM_newproduct_Linesheet" time="99.539" errors="0" timestamp="2024-09-03T19:48:17 IST" skipped="0">
  <testcase classname="P1_Testcases.TC181_P1_addPD_GD_PM_newproduct_Linesheet" name="P1_TC_Product_041_VerifyStagingId" time="99.539"/>
</testsuite> <!-- P1_Testcases.TC181_P1_addPD_GD_PM_newproduct_Linesheet -->
