<?xml version="1.0" encoding="UTF-8"?>
<!-- Generated by org.testng.reporters.JUnitReportReporter -->
<testsuite hostname="LTIN529064" failures="0" tests="1" name="P0_TestCases.P0_TC__59_65" time="149.785" errors="0" timestamp="2024-07-11T21:03:21 IST" skipped="0">
  <testcase classname="P0_TestCases.P0_TC__59_65" name="P0_TC_021_022_Copy_an_existing_colorway_to_create_a_new_colorway" time="149.785"/>
</testsuite> <!-- P0_TestCases.P0_TC__59_65 -->
