<?xml version="1.0" encoding="UTF-8"?>
<!-- Generated by org.testng.reporters.JUnitReportReporter -->
<testsuite hostname="LTIN529064" failures="0" tests="1" name="E2E_Testcases.TC293_P0_E2E_Change_AdoptionGBValue" time="138.821" errors="0" timestamp="2024-09-24T18:21:15 IST" skipped="0">
  <testcase classname="E2E_Testcases.TC293_P0_E2E_Change_AdoptionGBValue" name="P0_TC293_E2E_Change_AdoptionGBValue" time="138.821"/>
</testsuite> <!-- E2E_Testcases.TC293_P0_E2E_Change_AdoptionGBValue -->
