<?xml version="1.0" encoding="UTF-8"?>
<!-- Generated by org.testng.reporters.JUnitReportReporter -->
<testsuite hostname="LTIN426032" failures="0" tests="1" name="CreateMultiple_TestData.TC35_36_P3_BOMAPP_ADD_Replace_Material" time="412.663" errors="0" timestamp="2024-11-04T19:30:05 IST" skipped="0">
  <testcase classname="CreateMultiple_TestData.TC35_36_P3_BOMAPP_ADD_Replace_Material" name="P3_TC35_36_BOMAPP_ADD_Replace_Material" time="412.663"/>
</testsuite> <!-- CreateMultiple_TestData.TC35_36_P3_BOMAPP_ADD_Replace_Material -->
