<?xml version="1.0" encoding="UTF-8"?>
<!-- Generated by org.testng.reporters.JUnitReportReporter -->
<testsuite hostname="LTIN529064" failures="0" tests="1" name="P0_TestCases.P0_TC__5_6" time="65.603" errors="0" timestamp="2024-07-11T18:17:50 IST" skipped="0">
  <testcase classname="P0_TestCases.P0_TC__5_6" name="P0_TC_6" time="65.603"/>
</testsuite> <!-- P0_TestCases.P0_TC__5_6 -->
