<?xml version="1.0" encoding="UTF-8"?>
<!-- Generated by org.testng.reporters.JUnitReportReporter -->
<testsuite hostname="LTIN529064" failures="0" tests="1" name="P0_TestCases.TC04_P0_SCL_seasonalBFFColor_ERROR" time="143.547" errors="0" timestamp="2024-08-08T13:49:51 IST" skipped="0">
  <testcase classname="P0_TestCases.TC04_P0_SCL_seasonalBFFColor_ERROR" name="P0_TC_8" time="143.547"/>
</testsuite> <!-- P0_TestCases.TC04_P0_SCL_seasonalBFFColor_ERROR -->
