<?xml version="1.0" encoding="UTF-8"?>
<!-- Generated by org.testng.reporters.JUnitReportReporter -->
<testsuite hostname="LTIN529064" failures="0" tests="1" name="E2E_Testcases.TC317_P0_E2E_TechPackONLY_URL" time="144.575" errors="0" timestamp="2024-08-06T18:32:20 IST" skipped="0">
  <testcase classname="E2E_Testcases.TC317_P0_E2E_TechPackONLY_URL" name="P0_TC317_E2E_proto_TechPackONLY_URL" time="144.575"/>
</testsuite> <!-- E2E_Testcases.TC317_P0_E2E_TechPackONLY_URL -->
