<?xml version="1.0" encoding="UTF-8"?>
<!-- Generated by org.testng.reporters.JUnitReportReporter -->
<testsuite hostname="LTIN529064" failures="0" tests="1" name="P0_TestCases.TC03_P0_AdoptionAFF" time="137.111" errors="0" timestamp="2024-10-03T20:27:26 IST" skipped="0">
  <testcase classname="P0_TestCases.TC03_P0_AdoptionAFF" name="P0_TC_03_Adoption_at_AFF_Levis_FG_PDC_GB_HOT_GB" time="137.111"/>
</testsuite> <!-- P0_TestCases.TC03_P0_AdoptionAFF -->
