<?xml version="1.0" encoding="UTF-8"?>
<!-- Generated by org.testng.reporters.JUnitReportReporter -->
<testsuite hostname="LTIN529064" failures="0" tests="1" name="P0_TestCases.TC17_P0_Techpack_GenerateBOMOnly_MultipleColorway_SingleSource" time="145.976" errors="0" timestamp="2024-10-16T18:48:51 IST" skipped="0">
  <testcase classname="P0_TestCases.TC17_P0_Techpack_GenerateBOMOnly_MultipleColorway_SingleSource" name="P0_TC01_TechPack_PDView" time="145.976"/>
</testsuite> <!-- P0_TestCases.TC17_P0_Techpack_GenerateBOMOnly_MultipleColorway_SingleSource -->
