<?xml version="1.0" encoding="UTF-8"?>
<!-- Generated by org.testng.reporters.JUnitReportReporter -->
<testsuite hostname="LTIN426032" failures="0" tests="1" name="P0_TestCases.TC61_P0_Linesheet_CopyFilter" time="46.013" errors="0" timestamp="2024-10-28T18:48:41 IST" skipped="0">
  <testcase classname="P0_TestCases.TC61_P0_Linesheet_CopyFilter" name="P0_TC_061_Filters_Verify_Filters_Copy" time="46.013"/>
</testsuite> <!-- P0_TestCases.TC61_P0_Linesheet_CopyFilter -->
