<?xml version="1.0" encoding="UTF-8"?>
<!-- Generated by org.testng.reporters.JUnitReportReporter -->
<testsuite hostname="LTIN529064" failures="0" tests="1" name="P0_TestCases.TC04_P0_SCL_Create_seasonalBFFcolor" time="126.992" errors="0" timestamp="2024-08-08T13:23:00 IST" skipped="0">
  <testcase classname="P0_TestCases.TC04_P0_SCL_Create_seasonalBFFcolor" name="P0_TC_9" time="126.992"/>
</testsuite> <!-- P0_TestCases.TC04_P0_SCL_Create_seasonalBFFcolor -->
