<?xml version="1.0" encoding="UTF-8"?>
<!-- Generated by org.testng.reporters.JUnitReportReporter -->
<testsuite hostname="LTIN529064" failures="0" tests="1" name="P0_TestCases.P0_TC__49" time="80.498" errors="0" timestamp="2024-07-11T20:46:38 IST" skipped="0">
  <testcase classname="P0_TestCases.P0_TC__49" name="TC_19_Update_US_Product_Segmentation_with_same_Profit_Center_LEVIS_product" time="80.498"/>
</testsuite> <!-- P0_TestCases.P0_TC__49 -->
