<?xml version="1.0" encoding="UTF-8"?>
<!-- Generated by org.testng.reporters.JUnitReportReporter -->
<testsuite hostname="LTIN529064" failures="0" tests="1" name="P0_TestCases.TC10_P0_CreateMeasureSet_UsingTemplate" time="140.021" errors="0" timestamp="2024-08-09T13:04:45 IST" skipped="0">
  <testcase classname="P0_TestCases.TC10_P0_CreateMeasureSet_UsingTemplate" name="TC_10_P0_CreateMeasurementSet_UsingTemplate" time="140.021"/>
</testsuite> <!-- P0_TestCases.TC10_P0_CreateMeasureSet_UsingTemplate -->
