<?xml version="1.0" encoding="UTF-8"?>
<!-- Generated by org.testng.reporters.JUnitReportReporter -->
<testsuite hostname="LTIN426032" failures="0" tests="1" name="CreateMultiple_TestData.TC37_P3_BOMAPP_Multiple_Mass_update_BOM_details" time="252.080" errors="0" timestamp="2024-11-05T13:16:08 IST" skipped="0">
  <testcase classname="CreateMultiple_TestData.TC37_P3_BOMAPP_Multiple_Mass_update_BOM_details" name="P3_TC37_BOMAPP_Mass_update_BOM_details" time="252.080"/>
</testsuite> <!-- CreateMultiple_TestData.TC37_P3_BOMAPP_Multiple_Mass_update_BOM_details -->
