<?xml version="1.0" encoding="UTF-8"?>
<!-- Generated by org.testng.reporters.JUnitReportReporter -->
<testsuite hostname="LTIN529064" failures="0" tests="1" name="P0_TestCases.P0_TC__53" time="256.061" errors="0" timestamp="2024-07-11T20:55:09 IST" skipped="0">
  <testcase classname="P0_TestCases.P0_TC__53" name="P0_TC_017_Copy_product_to_a_new_season_of_same_brand" time="256.061"/>
</testsuite> <!-- P0_TestCases.P0_TC__53 -->
