<?xml version="1.0" encoding="UTF-8"?>
<!-- Generated by org.testng.reporters.JUnitReportReporter -->
<testsuite hostname="LTIN529064" failures="0" tests="1" name="P1_Testcases.TC12_P1_ValidateFilter_PDS_SSM" time="195.512" errors="0" timestamp="2024-08-26T14:56:38 IST" skipped="0">
  <testcase classname="P1_Testcases.TC12_P1_ValidateFilter_PDS_SSM" name="P0_TC_12_ValidateLinesheet_PDS_SSM_Filter" time="195.512"/>
</testsuite> <!-- P1_Testcases.TC12_P1_ValidateFilter_PDS_SSM -->
