<?xml version="1.0" encoding="UTF-8"?>
<!-- Generated by org.testng.reporters.JUnitReportReporter -->
<testsuite hostname="BYODIIcU3lIgowY" failures="0" tests="1" name="Flex_PLM.FlexPLM_season2" time="513.861" errors="0" timestamp="2024-05-13T15:05:40 IST" skipped="0">
  <testcase classname="Flex_PLM.FlexPLM_season2" name="orderAllocation" time="513.861"/>
</testsuite> <!-- Flex_PLM.FlexPLM_season2 -->
