<?xml version="1.0" encoding="UTF-8"?>
<!-- Generated by org.testng.reporters.JUnitReportReporter -->
<testsuite hostname="LTIN529064" failures="0" tests="1" name="P2_TestCases.TC69_P2_Placement_VerifyPlacementAttributes_Carryover" time="144.459" errors="0" timestamp="2024-10-11T18:06:08 IST" skipped="0">
  <testcase classname="P2_TestCases.TC69_P2_Placement_VerifyPlacementAttributes_Carryover" name="P2_TC69_Linesheet_VerifyPlacementAttributes_Carryover" time="144.459"/>
</testsuite> <!-- P2_TestCases.TC69_P2_Placement_VerifyPlacementAttributes_Carryover -->
