<?xml version="1.0" encoding="UTF-8"?>
<!-- Generated by org.testng.reporters.JUnitReportReporter -->
<testsuite hostname="LTIN529064" failures="0" tests="1" name="P1_Testcases.TC17_P1_ValidateFilters_Techpackgrouping" time="101.719" errors="0" timestamp="2024-08-27T10:41:43 IST" skipped="0">
  <testcase classname="P1_Testcases.TC17_P1_ValidateFilters_Techpackgrouping" name="P1_TC_17_ValidateLinesheet_TechPack_Filter" time="101.719"/>
</testsuite> <!-- P1_Testcases.TC17_P1_ValidateFilters_Techpackgrouping -->
