<?xml version="1.0" encoding="UTF-8"?>
<!-- Generated by org.testng.reporters.JUnitReportReporter -->
<testsuite hostname="LTIN529064" failures="0" tests="1" name="P0_TestCases.TC10_P0_CL_Placement_Part2" time="87.002" errors="0" timestamp="2024-10-18T18:20:50 IST" skipped="0">
  <testcase classname="P0_TestCases.TC10_P0_CL_Placement_Part2" name="P0_TC_010_Verify_CustomLoader_for_Placement" time="87.002"/>
</testsuite> <!-- P0_TestCases.TC10_P0_CL_Placement_Part2 -->
