<?xml version="1.0" encoding="UTF-8"?>
<!-- Generated by org.testng.reporters.JUnitReportReporter -->
<testsuite hostname="LTIN529064" failures="0" tests="1" name="P2_TestCases.TC31_P2_Colorway_VerifyReuseLook_UpdatePC9" time="135.467" errors="0" timestamp="2024-10-11T14:33:47 IST" skipped="0">
  <testcase classname="P2_TestCases.TC31_P2_Colorway_VerifyReuseLook_UpdatePC9" name="P2_TC_Product_031_VerifyPC9Lookdetails" time="135.467"/>
</testsuite> <!-- P2_TestCases.TC31_P2_Colorway_VerifyReuseLook_UpdatePC9 -->
