<?xml version="1.0" encoding="UTF-8"?>
<!-- Generated by org.testng.reporters.JUnitReportReporter -->
<testsuite hostname="LTIN529064" failures="0" tests="1" name="P0_TestCases.TC_02_P0_Placements_Results_BlankSeason" time="82.279" errors="0" timestamp="2024-07-24T16:24:39 IST" skipped="0">
  <testcase classname="P0_TestCases.TC_02_P0_Placements_Results_BlankSeason" name="P0_TC_02_Placement_BlankSeasonCode" time="82.279"/>
</testsuite> <!-- P0_TestCases.TC_02_P0_Placements_Results_BlankSeason -->
