<?xml version="1.0" encoding="UTF-8"?>
<!-- Generated by org.testng.reporters.JUnitReportReporter -->
<testsuite hostname="LTIN426032" failures="0" tests="1" name="TestData_Testcases.TC02_P3_CreateMaterialSupplier_CheckLogEntry" time="16.156" errors="0" timestamp="2024-10-24T16:26:39 IST" skipped="0">
  <testcase classname="TestData_Testcases.TC02_P3_CreateMaterialSupplier_CheckLogEntry" name="P3_TC02_CreateMaterialSupplier_CheckLogEntry" time="16.156"/>
</testsuite> <!-- TestData_Testcases.TC02_P3_CreateMaterialSupplier_CheckLogEntry -->
