<?xml version="1.0" encoding="UTF-8"?>
<!-- Generated by org.testng.reporters.JUnitReportReporter -->
<testsuite hostname="LTIN529064" failures="0" tests="1" name="P1_Testcases.TC30_P1_VerifyLookDetails_UpdatePC9" time="316.769" errors="0" timestamp="2024-10-21T11:44:38 IST" skipped="0">
  <testcase classname="P1_Testcases.TC30_P1_VerifyLookDetails_UpdatePC9" name="P1_TC_Product_030_VerifyPC9Lookdetails" time="316.769"/>
</testsuite> <!-- P1_Testcases.TC30_P1_VerifyLookDetails_UpdatePC9 -->
