<?xml version="1.0" encoding="UTF-8"?>
<!-- Generated by org.testng.reporters.JUnitReportReporter -->
<testsuite hostname="LTIN529064" failures="0" tests="1" name="P0_TestCases.P0_TC__5" time="57.160" errors="0" timestamp="2024-06-24T16:14:33 IST" skipped="0">
  <testcase classname="P0_TestCases.P0_TC__5" name="P0_TC_5" time="57.160"/>
</testsuite> <!-- P0_TestCases.P0_TC__5 -->
