<?xml version="1.0" encoding="UTF-8"?>
<!-- Generated by org.testng.reporters.JUnitReportReporter -->
<testsuite hostname="LTIN529064" failures="0" tests="1" name="P1_Testcases.TC08_P1_CustomLoaders_ProfitCenterAPD" time="87.991" errors="0" timestamp="2024-10-18T17:14:03 IST" skipped="0">
  <testcase classname="P1_Testcases.TC08_P1_CustomLoaders_ProfitCenterAPD" name="P1_TC_08_Verify_CustomLoader_for_ProfitcenterAPD" time="87.991"/>
</testsuite> <!-- P1_Testcases.TC08_P1_CustomLoaders_ProfitCenterAPD -->
