<?xml version="1.0" encoding="UTF-8"?>
<!-- Generated by org.testng.reporters.JUnitReportReporter -->
<testsuite hostname="LTIN529064" failures="0" tests="1" name="P0_TestCases.TC02_P0_TechPack_GarmentView" time="86.196" errors="0" timestamp="2024-10-16T18:09:09 IST" skipped="0">
  <testcase classname="P0_TestCases.TC02_P0_TechPack_GarmentView" name="TC02_TechPack_GarmentView" time="86.196"/>
</testsuite> <!-- P0_TestCases.TC02_P0_TechPack_GarmentView -->
