<?xml version="1.0" encoding="UTF-8"?>
<!-- Generated by org.testng.reporters.JUnitReportReporter -->
<testsuite hostname="LTIN529064" failures="0" tests="1" name="P1_Testcases.TC41_P1_Verify_StagingId" time="99.200" errors="0" timestamp="2024-10-18T16:00:04 IST" skipped="0">
  <testcase classname="P1_Testcases.TC41_P1_Verify_StagingId" name="P1_TC_Product_041_VerifyStagingId" time="99.200"/>
</testsuite> <!-- P1_Testcases.TC41_P1_Verify_StagingId -->
