<?xml version="1.0" encoding="UTF-8"?>
<!-- Generated by org.testng.reporters.JUnitReportReporter -->
<testsuite hostname="LTIN529064" failures="0" tests="1" name="P1_Testcases.TC165_P1_CreatePC9_SeasonalBFF" time="245.071" errors="0" timestamp="2024-09-02T14:32:01 IST" skipped="0">
  <testcase classname="P1_Testcases.TC165_P1_CreatePC9_SeasonalBFF" name="P1_TC25_VerifyLookdetails_InCreatePC9" time="245.071"/>
</testsuite> <!-- P1_Testcases.TC165_P1_CreatePC9_SeasonalBFF -->
