<?xml version="1.0" encoding="UTF-8"?>
<!-- Generated by org.testng.reporters.JUnitReportReporter -->
<testsuite hostname="LTIN529064" failures="0" tests="1" name="P0_TestCases.P0_TC__10" time="77.413" errors="0" timestamp="2024-07-11T19:08:11 IST" skipped="0">
  <testcase classname="P0_TestCases.P0_TC__10" name="P0_TC_10" time="77.413"/>
</testsuite> <!-- P0_TestCases.P0_TC__10 -->
