<?xml version="1.0" encoding="UTF-8"?>
<!-- Generated by org.testng.reporters.JUnitReportReporter -->
<testsuite hostname="LTIN529064" failures="0" tests="1" name="TestData_Testcases.TC01_P3_SeasonCreation_CheckLogEntry" time="177.990" errors="0" timestamp="2024-10-22T17:04:22 IST" skipped="0">
  <testcase classname="TestData_Testcases.TC01_P3_SeasonCreation_CheckLogEntry" name="P0_TC01_CreateSeason_CheckLogEntry" time="177.990"/>
</testsuite> <!-- TestData_Testcases.TC01_P3_SeasonCreation_CheckLogEntry -->
