<?xml version="1.0" encoding="UTF-8"?>
<!-- Generated by org.testng.reporters.JUnitReportReporter -->
<testsuite hostname="LTIN529064" failures="0" tests="1" name="P0_TestCases.P0_TC__8" time="149.233" errors="0" timestamp="2024-07-11T19:15:10 IST" skipped="0">
  <testcase classname="P0_TestCases.P0_TC__8" name="P0_TC_8" time="149.233"/>
</testsuite> <!-- P0_TestCases.P0_TC__8 -->
