<?xml version="1.0" encoding="UTF-8"?>
<!-- Generated by org.testng.reporters.JUnitReportReporter -->
<testsuite hostname="LTIN426032" failures="0" tests="1" name="P0_TestCases.TC21_P0_Material_UpdateSundryMaterial" time="300.446" errors="0" timestamp="2024-10-29T17:54:45 IST" skipped="0">
  <testcase classname="P0_TestCases.TC21_P0_Material_UpdateSundryMaterial" name="P0_TC_21_Material_Update_a_Material_for_type_Sundry_Button" time="300.446"/>
</testsuite> <!-- P0_TestCases.TC21_P0_Material_UpdateSundryMaterial -->
