<?xml version="1.0" encoding="UTF-8"?>
<!-- Generated by org.testng.reporters.JUnitReportReporter -->
<testsuite hostname="LTIN529064" failures="0" tests="1" name="P2_TestCases.TC01_CustomLoaders_Download_SeasonalLook_Loadersfiles" time="65.193" errors="0" timestamp="2024-10-07T18:29:56 IST" skipped="0">
  <testcase classname="P2_TestCases.TC01_CustomLoaders_Download_SeasonalLook_Loadersfiles" name="P2_TC_01_Download_SeasonalLook_Bulkloaderfiles" time="65.193"/>
</testsuite> <!-- P2_TestCases.TC01_CustomLoaders_Download_SeasonalLook_Loadersfiles -->
