<?xml version="1.0" encoding="UTF-8"?>
<!-- Generated by org.testng.reporters.JUnitReportReporter -->
<testsuite hostname="LTIN529064" failures="0" tests="1" name="P1_Testcases.TC35_P1_CopyCarryover_ValidateAttributes" time="161.918" errors="0" timestamp="2024-09-04T11:52:00 IST" skipped="0">
  <testcase classname="P1_Testcases.TC35_P1_CopyCarryover_ValidateAttributes" name="P0_TC_35_attributesValidation" time="161.918"/>
</testsuite> <!-- P1_Testcases.TC35_P1_CopyCarryover_ValidateAttributes -->
