<?xml version="1.0" encoding="UTF-8"?>
<!-- Generated by org.testng.reporters.JUnitReportReporter -->
<testsuite hostname="LTIN529064" failures="0" tests="1" name="P1_Testcases.TC183_UpdatePC9_BFFcolor" time="103.965" errors="0" timestamp="2024-09-03T20:11:45 IST" skipped="0">
  <testcase classname="P1_Testcases.TC183_UpdatePC9_BFFcolor" name="P1_TC_Product_183_Update_PC9BFFcolor" time="103.965"/>
</testsuite> <!-- P1_Testcases.TC183_UpdatePC9_BFFcolor -->
