<?xml version="1.0" encoding="UTF-8"?>
<!-- Generated by org.testng.reporters.JUnitReportReporter -->
<testsuite hostname="LTIN529064" failures="0" tests="1" name="P1_Testcases.TC10_P1_VerifyLookdetails_InCreatePC9" time="365.520" errors="0" timestamp="2024-10-21T11:34:12 IST" skipped="0">
  <testcase classname="P1_Testcases.TC10_P1_VerifyLookdetails_InCreatePC9" name="P1_TC25_VerifyLookdetails_InCreatePC9" time="365.520"/>
</testsuite> <!-- P1_Testcases.TC10_P1_VerifyLookdetails_InCreatePC9 -->
