<?xml version="1.0" encoding="UTF-8"?>
<!-- Generated by org.testng.reporters.JUnitReportReporter -->
<testsuite hostname="LTIN529064" failures="0" tests="1" name="E2E_Testcases.TC303_P0_E2E_UploadThumbnail" time="90.595" errors="0" timestamp="2024-10-16T19:59:12 IST" skipped="0">
  <testcase classname="E2E_Testcases.TC303_P0_E2E_UploadThumbnail" name="P0_TC303_E2E_UploadThubnail" time="90.595"/>
</testsuite> <!-- E2E_Testcases.TC303_P0_E2E_UploadThumbnail -->
