<?xml version="1.0" encoding="UTF-8"?>
<!-- Generated by org.testng.reporters.JUnitReportReporter -->
<testsuite hostname="LTIN529064" failures="0" tests="1" name="P2_TestCases.TC13_P2_Colorway_VerifySeasonalLook_CreatePC9" time="145.316" errors="0" timestamp="2024-10-11T14:02:45 IST" skipped="0">
  <testcase classname="P2_TestCases.TC13_P2_Colorway_VerifySeasonalLook_CreatePC9" name="P2_TC_Product_13_Verify_Reuse_SeasonalLookColor" time="145.316"/>
</testsuite> <!-- P2_TestCases.TC13_P2_Colorway_VerifySeasonalLook_CreatePC9 -->
