<?xml version="1.0" encoding="UTF-8"?>
<!-- Generated by org.testng.reporters.JUnitReportReporter -->
<testsuite hostname="LTIN426032" failures="0" tests="1" name="CreateMultiple_TestData.TC27_P3_BOMAPP_VerifyDataSyncFromFlexPLM" time="820.419" errors="0" timestamp="2024-11-04T18:53:37 IST" skipped="0">
  <testcase classname="CreateMultiple_TestData.TC27_P3_BOMAPP_VerifyDataSyncFromFlexPLM" name="P3_TC27_BOMAPP_VerifyDataSyncFromFlexPLM" time="820.419"/>
</testsuite> <!-- CreateMultiple_TestData.TC27_P3_BOMAPP_VerifyDataSyncFromFlexPLM -->
