<?xml version="1.0" encoding="UTF-8"?>
<!-- Generated by org.testng.reporters.JUnitReportReporter -->
<testsuite hostname="LTIN529064" failures="0" tests="1" name="P2_TestCases.TC05_P2_Linesheet_Adoption_DropGB_LH" time="405.259" errors="0" timestamp="2024-10-11T17:46:06 IST" skipped="0">
  <testcase classname="P2_TestCases.TC05_P2_Linesheet_Adoption_DropGB_LH" name="P2_TC05_E2E_Linesheet_Adoption_DropGB" time="405.259"/>
</testsuite> <!-- P2_TestCases.TC05_P2_Linesheet_Adoption_DropGB_LH -->
