<?xml version="1.0" encoding="UTF-8"?>
<!-- Generated by org.testng.reporters.JUnitReportReporter -->
<testsuite hostname="BYODIIcU3lIgowY" failures="0" tests="1" name="Flex_PLM.FlexPLM_season" time="428.561" errors="0" timestamp="2024-05-13T16:04:35 IST" skipped="0">
  <testcase classname="Flex_PLM.FlexPLM_season" name="orderAllocation" time="428.561"/>
</testsuite> <!-- Flex_PLM.FlexPLM_season -->
