<?xml version="1.0" encoding="UTF-8"?>
<!-- Generated by org.testng.reporters.JUnitReportReporter -->
<testsuite hostname="LTIN529064" failures="0" tests="1" name="P2_TestCases.TC08_P2_ColorwaySeason_TriggerSetUp_forUndergoneSetUPLSE" time="281.514" errors="0" timestamp="2024-10-11T16:54:12 IST" skipped="0">
  <testcase classname="P2_TestCases.TC08_P2_ColorwaySeason_TriggerSetUp_forUndergoneSetUPLSE" name="P2_TC_08_TriggerSetUp_forUndergoneSetUPLSE" time="281.514"/>
</testsuite> <!-- P2_TestCases.TC08_P2_ColorwaySeason_TriggerSetUp_forUndergoneSetUPLSE -->
