<?xml version="1.0" encoding="UTF-8"?>
<!-- Generated by org.testng.reporters.JUnitReportReporter -->
<testsuite hostname="LTIN529064" failures="0" tests="1" name="P1_Testcases.TC03_setUPLSUS_usingLinesheet" time="95.932" errors="0" timestamp="2024-08-27T18:09:12 IST" skipped="0">
  <testcase classname="P1_Testcases.TC03_setUPLSUS_usingLinesheet" name="P1_TC03_SetUpLSUS_Linesheet" time="95.932"/>
</testsuite> <!-- P1_Testcases.TC03_setUPLSUS_usingLinesheet -->
