<?xml version="1.0" encoding="UTF-8"?>
<!-- Generated by org.testng.reporters.JUnitReportReporter -->
<testsuite hostname="LTIN529064" failures="0" tests="1" name="P1_Testcases.TC37_P1_CopyCarryOver_moveCarryoverAttributes" time="118.761" errors="0" timestamp="2024-09-04T11:55:00 IST" skipped="0">
  <testcase classname="P1_Testcases.TC37_P1_CopyCarryOver_moveCarryoverAttributes" name="P0_TC_37_attributesValidation" time="118.761"/>
</testsuite> <!-- P1_Testcases.TC37_P1_CopyCarryOver_moveCarryoverAttributes -->
