<?xml version="1.0" encoding="UTF-8"?>
<!-- Generated by org.testng.reporters.JUnitReportReporter -->
<testsuite hostname="LTIN529064" failures="0" tests="1" name="P0_TestCases.TC07_P0_Linesheet_ValidateFilters" time="68.597" errors="0" timestamp="2024-07-17T17:13:09 IST" skipped="0">
  <testcase classname="P0_TestCases.TC07_P0_Linesheet_ValidateFilters" name="P0_TC_03_Adoption_at_AFF_Levis_FG_PDC_GB_HOT_GB" time="68.597"/>
</testsuite> <!-- P0_TestCases.TC07_P0_Linesheet_ValidateFilters -->
