<?xml version="1.0" encoding="UTF-8"?>
<!-- Generated by org.testng.reporters.JUnitReportReporter -->
<testsuite hostname="LTIN529064" failures="0" tests="1" name="TestData_Testcases.TC06_P3_SKUSourcing_update_CheckLogEntry" time="151.080" errors="0" timestamp="2024-10-22T16:53:48 IST" skipped="0">
  <testcase classname="TestData_Testcases.TC06_P3_SKUSourcing_update_CheckLogEntry" name="P3_TC06_SKUsourcingUpdate_PDS_logEntry_check" time="151.080"/>
</testsuite> <!-- TestData_Testcases.TC06_P3_SKUSourcing_update_CheckLogEntry -->
