<?xml version="1.0" encoding="UTF-8"?>
<!-- Generated by org.testng.reporters.JUnitReportReporter -->
<testsuite hostname="LTIN529064" failures="0" tests="1" name="P1_Testcases.TC40_P1_Verify_BrandHierarchyValue" time="80.227" errors="0" timestamp="2024-09-03T19:33:47 IST" skipped="0">
  <testcase classname="P1_Testcases.TC40_P1_Verify_BrandHierarchyValue" name="P1_TC_Product_040_VerifyBrandHierarchy" time="80.227"/>
</testsuite> <!-- P1_Testcases.TC40_P1_Verify_BrandHierarchyValue -->
