<?xml version="1.0" encoding="UTF-8"?>
<!-- Generated by org.testng.reporters.JUnitReportReporter -->
<testsuite hostname="LTIN529064" failures="0" tests="1" name="P1_Testcases.TC58_P1_Placement_ValidateBlank_JAPAN_GDV_value" time="147.727" errors="0" timestamp="2024-10-18T19:03:36 IST" skipped="0">
  <testcase classname="P1_Testcases.TC58_P1_Placement_ValidateBlank_JAPAN_GDV_value" name="P1_TC_58_Placement_Blank_JAPAN_GDV_value" time="147.727"/>
</testsuite> <!-- P1_Testcases.TC58_P1_Placement_ValidateBlank_JAPAN_GDV_value -->
