<?xml version="1.0" encoding="UTF-8"?>
<!-- Generated by org.testng.reporters.JUnitReportReporter -->
<testsuite hostname="LTIN529064" failures="0" tests="1" name="P0_TestCases.P0_TC__9" time="87.818" errors="0" timestamp="2024-07-11T19:20:01 IST" skipped="0">
  <testcase classname="P0_TestCases.P0_TC__9" name="P0_TC_9" time="87.818"/>
</testsuite> <!-- P0_TestCases.P0_TC__9 -->
