<?xml version="1.0" encoding="UTF-8"?>
<!-- Generated by org.testng.reporters.JUnitReportReporter -->
<testsuite hostname="LTIN529064" failures="0" tests="1" name="P1_Testcases.TC37_P1_Verify_DestroySample_UpdatePC9" time="107.448" errors="0" timestamp="2024-10-18T15:54:54 IST" skipped="0">
  <testcase classname="P1_Testcases.TC37_P1_Verify_DestroySample_UpdatePC9" name="P1_TC_Product_037_VerifySampleDestroyIndicator_Value" time="107.448"/>
</testsuite> <!-- P1_Testcases.TC37_P1_Verify_DestroySample_UpdatePC9 -->
