<?xml version="1.0" encoding="UTF-8"?>
<!-- Generated by org.testng.reporters.JUnitReportReporter -->
<testsuite hostname="LTIN529064" failures="0" tests="1" name="P1_Testcases.TC06_P1_Verify_ReUse_PrintsandPatternsColor" time="212.603" errors="0" timestamp="2024-09-03T16:43:42 IST" skipped="0">
  <testcase classname="P1_Testcases.TC06_P1_Verify_ReUse_PrintsandPatternsColor" name="P1_TC_Product_06_Verify_Reuse_PrintsandPatternaColor" time="212.603"/>
</testsuite> <!-- P1_Testcases.TC06_P1_Verify_ReUse_PrintsandPatternsColor -->
