<?xml version="1.0" encoding="UTF-8"?>
<!-- Generated by org.testng.reporters.JUnitReportReporter -->
<testsuite hostname="LTIN529064" failures="0" tests="1" name="E2E_Testcases.TC297_P0_E2E_Create_MeasurementSet" time="193.765" errors="0" timestamp="2024-10-16T19:31:57 IST" skipped="0">
  <testcase classname="E2E_Testcases.TC297_P0_E2E_Create_MeasurementSet" name="P0_TC296_E2E_createMeasurementSet" time="193.765"/>
</testsuite> <!-- E2E_Testcases.TC297_P0_E2E_Create_MeasurementSet -->
