<?xml version="1.0" encoding="UTF-8"?>
<!-- Generated by org.testng.reporters.JUnitReportReporter -->
<testsuite hostname="LTIN529064" failures="0" tests="1" name="P1_Testcases.TC62_P1_Placement_ValidateBlank_MALA_GDV_Value" time="154.863" errors="0" timestamp="2024-10-18T19:26:33 IST" skipped="0">
  <testcase classname="P1_Testcases.TC62_P1_Placement_ValidateBlank_MALA_GDV_Value" name="P1_TC_62_Placement_Blank_MALA_GDV_value" time="154.863"/>
</testsuite> <!-- P1_Testcases.TC62_P1_Placement_ValidateBlank_MALA_GDV_Value -->
