<?xml version="1.0" encoding="UTF-8"?>
<!-- Generated by org.testng.reporters.JUnitReportReporter -->
<testsuite hostname="LTIN529064" failures="0" tests="1" name="E2E_Testcases.TC09_P0_E2E_MaterialCodeGeneration_FinishRecipe" time="14.340" errors="0" timestamp="2024-08-07T20:48:59 IST" skipped="0">
  <testcase classname="E2E_Testcases.TC09_P0_E2E_MaterialCodeGeneration_FinishRecipe" name="P0_TC09_E2E_MaterialCodeGeneration_FinishRecipe" time="14.340"/>
</testsuite> <!-- E2E_Testcases.TC09_P0_E2E_MaterialCodeGeneration_FinishRecipe -->
