<?xml version="1.0" encoding="UTF-8"?>
<!-- Generated by org.testng.reporters.JUnitReportReporter -->
<testsuite hostname="LTIN529064" failures="0" tests="1" name="E2E_Testcases.TC324_P0_E2E_PlacementLoadFile" time="176.762" errors="0" timestamp="2024-10-18T18:34:08 IST" skipped="0">
  <testcase classname="E2E_Testcases.TC324_P0_E2E_PlacementLoadFile" name="P0_TC324_E2E_VerifyPlacementFile" time="176.762"/>
</testsuite> <!-- E2E_Testcases.TC324_P0_E2E_PlacementLoadFile -->
