<?xml version="1.0" encoding="UTF-8"?>
<!-- Generated by org.testng.reporters.JUnitReportReporter -->
<testsuite hostname="LTIN529064" failures="0" tests="1" name="P2_TestCases.TC01_P2_CustomLoaders_CreateLooks_usingLoaders" time="86.522" errors="0" timestamp="2024-10-07T18:16:22 IST" skipped="0">
  <testcase classname="P2_TestCases.TC01_P2_CustomLoaders_CreateLooks_usingLoaders" name="P2_TC_02_CustomLoaders_CreateLooks" time="86.522"/>
</testsuite> <!-- P2_TestCases.TC01_P2_CustomLoaders_CreateLooks_usingLoaders -->
