<?xml version="1.0" encoding="UTF-8"?>
<!-- Generated by org.testng.reporters.JUnitReportReporter -->
<testsuite hostname="LTIN529064" failures="0" tests="1" name="P1_Testcases.TC19_P1_CopyCarryover_VerifyPC5Attributes" time="108.237" errors="0" timestamp="2024-09-03T20:33:43 IST" skipped="0">
  <testcase classname="P1_Testcases.TC19_P1_CopyCarryover_VerifyPC5Attributes" name="P1_TC_carryover_19_PC5Attributes_Value" time="108.237"/>
</testsuite> <!-- P1_Testcases.TC19_P1_CopyCarryover_VerifyPC5Attributes -->
