<?xml version="1.0" encoding="UTF-8"?>
<!-- Generated by org.testng.reporters.JUnitReportReporter -->
<testsuite hostname="LTIN529064" failures="0" tests="1" name="P0_TestCases.TC16_P0_Validate_ProfitCenter_EUROPE" time="108.028" errors="0" timestamp="2024-08-08T14:04:17 IST" skipped="0">
  <testcase classname="P0_TestCases.TC16_P0_Validate_ProfitCenter_EUROPE" name="P0_TC_Product_016_Verify_Profit_Center_Europe_Create_PC9_for_type_Levis_MensBottoms" time="108.028"/>
</testsuite> <!-- P0_TestCases.TC16_P0_Validate_ProfitCenter_EUROPE -->
