<?xml version="1.0" encoding="UTF-8"?>
<!-- Generated by org.testng.reporters.JUnitReportReporter -->
<testsuite hostname="LTIN529064" failures="0" tests="1" name="P0_TestCases.TC07_P0_Linesheet_ValidateFilters_FLA" time="85.855" errors="0" timestamp="2024-10-03T20:51:11 IST" skipped="0">
  <testcase classname="P0_TestCases.TC07_P0_Linesheet_ValidateFilters_FLA" name="P0_TC_07_ValidateLinesheet_FLA_Filter" time="85.855"/>
</testsuite> <!-- P0_TestCases.TC07_P0_Linesheet_ValidateFilters_FLA -->
