<?xml version="1.0" encoding="UTF-8"?>
<!-- Generated by org.testng.reporters.JUnitReportReporter -->
<testsuite hostname="LTIN529064" failures="0" tests="1" name="P0_TestCases.TC10_P0_CL_Placement_Part1" time="64.110" errors="0" timestamp="2024-10-16T16:34:48 IST" skipped="0">
  <testcase classname="P0_TestCases.TC10_P0_CL_Placement_Part1" name="P0_TC_010_Verify_CustomLoader_for_Placement" time="64.110"/>
</testsuite> <!-- P0_TestCases.TC10_P0_CL_Placement_Part1 -->
