<?xml version="1.0" encoding="UTF-8"?>
<!-- Generated by org.testng.reporters.JUnitReportReporter -->
<testsuite hostname="LTIN529064" failures="0" tests="1" name="P0_TestCases.P0_TC__11_12" time="67.121" errors="0" timestamp="2024-07-11T18:19:33 IST" skipped="0">
  <testcase classname="P0_TestCases.P0_TC__11_12" name="P0_TC_Product_001_Verify_LSE_Product_Segmentation_Create_PC9_for_type_Levis_MensBottoms" time="67.121"/>
</testsuite> <!-- P0_TestCases.P0_TC__11_12 -->
