<?xml version="1.0" encoding="UTF-8"?>
<!-- Generated by org.testng.reporters.JUnitReportReporter -->
<testsuite hostname="LTIN529064" failures="0" tests="1" name="P1_Testcases.TC03_P1_Upload_ThumbnailTo_PrintsandPatternColor" time="23.141" errors="0" timestamp="2024-09-03T16:38:25 IST" skipped="0">
  <testcase classname="P1_Testcases.TC03_P1_Upload_ThumbnailTo_PrintsandPatternColor" name="P1_TC03_UploadThumbnail_printsandPatternscolor_PC9" time="23.141"/>
</testsuite> <!-- P1_Testcases.TC03_P1_Upload_ThumbnailTo_PrintsandPatternColor -->
