<?xml version="1.0" encoding="UTF-8"?>
<!-- Generated by org.testng.reporters.JUnitReportReporter -->
<testsuite hostname="BYODIIcU3lIgowY" failures="0" tests="1" name="WMS_SingsOrd_Batch_3.WMS_SingleBag_Pack_Three" time="36.482" errors="0" timestamp="2024-04-23T13:34:11 IST" skipped="0">
  <testcase classname="WMS_SingsOrd_Batch_3.WMS_SingleBag_Pack_Three" name="orderAllocation" time="36.482"/>
</testsuite> <!-- WMS_SingsOrd_Batch_3.WMS_SingleBag_Pack_Three -->
