<?xml version="1.0" encoding="UTF-8"?>
<!-- Generated by org.testng.reporters.JUnitReportReporter -->
<testsuite hostname="LTIN529064" failures="0" tests="1" name="P0_TestCases.P0_TC__19_20_21" time="282.402" errors="0" timestamp="2024-07-11T18:42:09 IST" skipped="0">
  <testcase classname="P0_TestCases.P0_TC__19_20_21" name="P0_TC_Product_004_Verify__Create_PC9_for_type_Levis_MensBottoms" time="282.402"/>
</testsuite> <!-- P0_TestCases.P0_TC__19_20_21 -->
