<?xml version="1.0" encoding="UTF-8"?>
<!-- Generated by org.testng.reporters.JUnitReportReporter -->
<testsuite hostname="LTIN426032" failures="0" tests="1" name="P0_TestCases.TC01_P0_Product_CreateNewProduct" time="151.452" errors="0" timestamp="2024-09-30T00:30:17 IST" skipped="0">
  <testcase classname="P0_TestCases.TC01_P0_Product_CreateNewProduct" name="P0_TC01_Product_CreateNewProduct" time="151.452"/>
</testsuite> <!-- P0_TestCases.TC01_P0_Product_CreateNewProduct -->
