<?xml version="1.0" encoding="UTF-8"?>
<!-- Generated by org.testng.reporters.JUnitReportReporter -->
<testsuite hostname="LTIN529064" failures="0" tests="1" name="P0_TestCases.P0_TC__31_32_33" time="119.829" errors="0" timestamp="2024-07-11T19:00:49 IST" skipped="0">
  <testcase classname="P0_TestCases.P0_TC__31_32_33" name="P0_TC_Product_016_Verify_Profit_Center_Europe_Create_PC9_for_type_Levis_MensBottoms" time="119.829"/>
</testsuite> <!-- P0_TestCases.P0_TC__31_32_33 -->
