<?xml version="1.0" encoding="UTF-8"?>
<!-- Generated by org.testng.reporters.JUnitReportReporter -->
<testsuite hostname="LTIN529064" failures="0" tests="1" name="P0_TestCases.TC18_P0_SetUpLSUS" time="91.378" errors="0" timestamp="2024-08-21T16:06:18 IST" skipped="0">
  <testcase classname="P0_TestCases.TC18_P0_SetUpLSUS" name="P0_TC_18_Create_Levis_Product_and_setup_a_LSUS" time="91.378"/>
</testsuite> <!-- P0_TestCases.TC18_P0_SetUpLSUS -->
