<?xml version="1.0" encoding="UTF-8"?>
<!-- Generated by org.testng.reporters.JUnitReportReporter -->
<testsuite hostname="LTIN529064" failures="0" tests="1" name="P0_TestCases.TC02_P0_Views_ValidateLinesheet_FLA_finalizeDetails" time="335.506" errors="0" timestamp="2024-08-09T12:21:47 IST" skipped="0">
  <testcase classname="P0_TestCases.TC02_P0_Views_ValidateLinesheet_FLA_finalizeDetails" name="P0_TC_Check_attributes_in_the_FLA_Finalizedetails_view" time="335.506"/>
</testsuite> <!-- P0_TestCases.TC02_P0_Views_ValidateLinesheet_FLA_finalizeDetails -->
