<?xml version="1.0" encoding="UTF-8"?>
<!-- Generated by org.testng.reporters.JUnitReportReporter -->
<testsuite hostname="LTIN529064" failures="0" tests="1" name="P1_Testcases.TC33_P1_Specifications_carryoverColorway" time="126.942" errors="0" timestamp="2024-10-21T12:54:43 IST" skipped="0">
  <testcase classname="P1_Testcases.TC33_P1_Specifications_carryoverColorway" name="P0_TC_286_Carryover_PC5" time="126.942"/>
</testsuite> <!-- P1_Testcases.TC33_P1_Specifications_carryoverColorway -->
