<?xml version="1.0" encoding="UTF-8"?>
<!-- Generated by org.testng.reporters.JUnitReportReporter -->
<testsuite hostname="LTIN529064" failures="0" tests="1" name="P1_Testcases.TC02_P1_ValidateFilters_BFF" time="34.627" errors="0" timestamp="2024-09-03T21:09:23 IST" skipped="0">
  <testcase classname="P1_Testcases.TC02_P1_ValidateFilters_BFF" name="P0_TC_02_ValidateLinesheet_BFF_Filter" time="34.627"/>
</testsuite> <!-- P1_Testcases.TC02_P1_ValidateFilters_BFF -->
