<?xml version="1.0" encoding="UTF-8"?>
<!-- Generated by org.testng.reporters.JUnitReportReporter -->
<testsuite hostname="LTIN529064" failures="0" tests="1" name="P1_Testcases.TC18_P1_Verify_SeasonFirstIntroduced" time="71.458" errors="0" timestamp="2024-09-03T17:07:06 IST" skipped="0">
  <testcase classname="P1_Testcases.TC18_P1_Verify_SeasonFirstIntroduced" name="P1_TC_Product_017_VerifyProfitCenterUS" time="71.458"/>
</testsuite> <!-- P1_Testcases.TC18_P1_Verify_SeasonFirstIntroduced -->
