<?xml version="1.0" encoding="UTF-8"?>
<!-- Generated by org.testng.reporters.JUnitReportReporter -->
<testsuite hostname="LTIN529064" failures="0" tests="1" name="P0_TestCases.P0_TC_34_35_36" time="78.596" errors="0" timestamp="2024-07-11T21:10:22 IST" skipped="0">
  <testcase classname="P0_TestCases.P0_TC_34_35_36" name="P0_TC_Product_014_Verify_Product_Dev_Center_value_Create_PC9_for_type_Levis_MensBottoms" time="78.596"/>
</testsuite> <!-- P0_TestCases.P0_TC_34_35_36 -->
