<?xml version="1.0" encoding="UTF-8"?>
<!-- Generated by org.testng.reporters.JUnitReportReporter -->
<testsuite hostname="LTIN529064" failures="0" tests="1" name="AdditionalTestcases.TC_SetUP_And_Activate_LSUS_Linesheet" time="1568.503" errors="0" timestamp="2024-10-17T16:54:17 IST" skipped="0">
  <testcase classname="AdditionalTestcases.TC_SetUP_And_Activate_LSUS_Linesheet" name="TC_SetUp_and_ActivateLSUS_Linesheet" time="1568.503"/>
</testsuite> <!-- AdditionalTestcases.TC_SetUP_And_Activate_LSUS_Linesheet -->
