<?xml version="1.0" encoding="UTF-8"?>
<!-- Generated by org.testng.reporters.JUnitReportReporter -->
<testsuite hostname="LTIN529064" failures="0" tests="1" name="P2_TestCases.TC07_P2_ColorwaySeason_VerifyNoTriggerSent_LSE" time="407.555" errors="0" timestamp="2024-10-14T12:13:55 IST" skipped="0">
  <testcase classname="P2_TestCases.TC07_P2_ColorwaySeason_VerifyNoTriggerSent_LSE" name="P2_TC_07_VerifyNotrigger_LSE" time="407.555"/>
</testsuite> <!-- P2_TestCases.TC07_P2_ColorwaySeason_VerifyNoTriggerSent_LSE -->
