<?xml version="1.0" encoding="UTF-8"?>
<!-- Generated by org.testng.reporters.JUnitReportReporter -->
<testsuite hostname="LTIN529064" failures="0" tests="1" name="TC_CreateColorway_SetUPLSE_LSUS" time="406.514" errors="0" timestamp="2024-09-06T11:12:34 IST" skipped="0">
  <testcase classname="TC_CreateColorway_SetUPLSE_LSUS" name="TC_Product_Verify__Create_PC9_for_type_Levis_MensBottoms" time="406.514"/>
</testsuite> <!-- TC_CreateColorway_SetUPLSE_LSUS -->
