<?xml version="1.0" encoding="UTF-8"?>
<!-- Generated by org.testng.reporters.JUnitReportReporter -->
<testsuite hostname="LTIN496259" failures="0" tests="1" name="E2E_Testcases.TC292_P0_E2E_CreateColors_Solid" time="60.340" errors="0" timestamp="2025-04-11T17:41:49 IST" skipped="0">
  <testcase classname="E2E_Testcases.TC292_P0_E2E_CreateColors_Solid" name="P0_TC_292_E2E_CreateColors_Solid" time="60.340"/>
</testsuite> <!-- E2E_Testcases.TC292_P0_E2E_CreateColors_Solid -->
