<?xml version="1.0" encoding="UTF-8"?>
<!-- Generated by org.testng.reporters.JUnitReportReporter -->
<testsuite hostname="LTIN529064" failures="0" tests="1" name="TestData_Testcases.TC17_P3_CreateProduct_Colorway_SetUpLSE" time="543.751" errors="0" timestamp="2024-10-14T15:31:43 IST" skipped="0">
  <testcase classname="TestData_Testcases.TC17_P3_CreateProduct_Colorway_SetUpLSE" name="TC_SetUp_and_ActivateLSE_Linesheet" time="543.751"/>
</testsuite> <!-- TestData_Testcases.TC17_P3_CreateProduct_Colorway_SetUpLSE -->
