<?xml version="1.0" encoding="UTF-8"?>
<!-- Generated by org.testng.reporters.JUnitReportReporter -->
<testsuite hostname="LTIN529064" failures="0" tests="1" name="P0_TestCases.P0_TC__94_97" time="75.029" errors="0" timestamp="2024-07-08T20:19:01 IST" skipped="0">
  <testcase classname="P0_TestCases.P0_TC__94_97" name="P0_TC_02_Adoption_at_LH_Levis_FG_PDC_GB_HOT_GB" time="75.029"/>
</testsuite> <!-- P0_TestCases.P0_TC__94_97 -->
