<?xml version="1.0" encoding="UTF-8"?>
<!-- Generated by org.testng.reporters.JUnitReportReporter -->
<testsuite hostname="LTIN529064" failures="0" tests="1" name="P1_Testcases.TC16_P1_ValidateFilter_SSM" time="102.559" errors="0" timestamp="2024-08-26T23:20:48 IST" skipped="0">
  <testcase classname="P1_Testcases.TC16_P1_ValidateFilter_SSM" name="P1_TC_12_ValidateLinesheet_Placement_Filter" time="102.559"/>
</testsuite> <!-- P1_Testcases.TC16_P1_ValidateFilter_SSM -->
