<?xml version="1.0" encoding="UTF-8"?>
<!-- Generated by org.testng.reporters.JUnitReportReporter -->
<testsuite hostname="LTIN529064" failures="0" tests="1" name="P0_TestCases.TC30_P0_ADD_POMtoMeasurementTable" time="131.427" errors="0" timestamp="2024-08-09T13:56:26 IST" skipped="0">
  <testcase classname="P0_TestCases.TC30_P0_ADD_POMtoMeasurementTable" name="TC_30_P0_ADD_POM_CreateMeasurementSet_UsingTemplate" time="131.427"/>
</testsuite> <!-- P0_TestCases.TC30_P0_ADD_POMtoMeasurementTable -->
