<?xml version="1.0" encoding="UTF-8"?>
<!-- Generated by org.testng.reporters.JUnitReportReporter -->
<testsuite hostname="LTIN426032" failures="0" tests="1" name="P2_TestCases.TC266_P2_AssociateColorwayWithRemovedSource" time="491.721" errors="0" timestamp="2024-11-05T14:16:28 IST" skipped="0">
  <testcase classname="P2_TestCases.TC266_P2_AssociateColorwayWithRemovedSource" name="P2_TC266_AssociateColorwayWithRemovedSource" time="491.721"/>
</testsuite> <!-- P2_TestCases.TC266_P2_AssociateColorwayWithRemovedSource -->
