<?xml version="1.0" encoding="UTF-8"?>
<!-- Generated by org.testng.reporters.JUnitReportReporter -->
<testsuite hostname="LTIN529064" failures="0" tests="1" name="P0_TestCases.TC06_P0_Download_TechpackOnly_File" time="127.926" errors="0" timestamp="2024-10-16T18:23:19 IST" skipped="0">
  <testcase classname="P0_TestCases.TC06_P0_Download_TechpackOnly_File" name="P0_TC06_Download_TechpackOnly_File" time="127.926"/>
</testsuite> <!-- P0_TestCases.TC06_P0_Download_TechpackOnly_File -->
