<?xml version="1.0" encoding="UTF-8"?>
<!-- Generated by org.testng.reporters.JUnitReportReporter -->
<testsuite hostname="LTIN529064" failures="0" tests="1" name="P0_TestCases.TC02_P0_Measurements_CreateTemplate" time="74.490" errors="0" timestamp="2024-10-03T21:09:08 IST" skipped="0">
  <testcase classname="P0_TestCases.TC02_P0_Measurements_CreateTemplate" name="TC_02_P0_CreateNewMeasurementsTemplate" time="74.490"/>
</testsuite> <!-- P0_TestCases.TC02_P0_Measurements_CreateTemplate -->
