<?xml version="1.0" encoding="UTF-8"?>
<!-- Generated by org.testng.reporters.JUnitReportReporter -->
<testsuite hostname="LTIN529064" failures="0" tests="1" name="P1_Testcases.TC01_P1_VerifyAttributes_CreatePrintsandPatternsPage" time="81.515" errors="0" timestamp="2024-09-03T16:28:36 IST" skipped="0">
  <testcase classname="P1_Testcases.TC01_P1_VerifyAttributes_CreatePrintsandPatternsPage" name="P1_TC01_Search_Printsandpatterns" time="81.515"/>
</testsuite> <!-- P1_Testcases.TC01_P1_VerifyAttributes_CreatePrintsandPatternsPage -->
