<?xml version="1.0" encoding="UTF-8"?>
<!-- Generated by org.testng.reporters.JUnitReportReporter -->
<testsuite hostname="LTIN529064" failures="0" tests="1" name="P0_TestCases.P0_TC__66_70" time="52.750" errors="0" timestamp="2024-07-10T18:29:14 IST" skipped="0">
  <testcase classname="P0_TestCases.P0_TC__66_70" name="P0_TC_CustomLoaders_010_Verify_CustomLoader_for_Placement" time="52.750"/>
</testsuite> <!-- P0_TestCases.P0_TC__66_70 -->
