<?xml version="1.0" encoding="UTF-8"?>
<!-- Generated by org.testng.reporters.JUnitReportReporter -->
<testsuite hostname="LTIN529064" failures="0" tests="1" name="P0_TestCases.P0_TC__25_26_27" time="121.384" errors="0" timestamp="2024-07-11T18:53:47 IST" skipped="0">
  <testcase classname="P0_TestCases.P0_TC__25_26_27" name="P0_TC_Product_014_Verify_Product_Dev_Center_value_Create_PC9_for_type_Levis_MensBottoms" time="121.384"/>
</testsuite> <!-- P0_TestCases.P0_TC__25_26_27 -->
