<?xml version="1.0" encoding="UTF-8"?>
<!-- Generated by org.testng.reporters.JUnitReportReporter -->
<testsuite hostname="LTIN529064" failures="0" tests="1" name="TC301_P0_E2E_SetUp_LSUS_Linesheet" time="80.665" errors="0" timestamp="2024-08-05T19:40:31 IST" skipped="0">
  <testcase classname="TC301_P0_E2E_SetUp_LSUS_Linesheet" name="P0_TC301_E2E_SetUpLSUS_Linesheet" time="80.665"/>
</testsuite> <!-- TC301_P0_E2E_SetUp_LSUS_Linesheet -->
