<?xml version="1.0" encoding="UTF-8"?>
<!-- Generated by org.testng.reporters.JUnitReportReporter -->
<testsuite hostname="LTIN529064" failures="0" tests="1" name="P1_Testcases.TC01_P1_Search_PrintsandPatterns" time="66.678" errors="0" timestamp="2024-09-03T15:31:40 IST" skipped="0">
  <testcase classname="P1_Testcases.TC01_P1_Search_PrintsandPatterns" name="P1_TC01_Search_Printsandpatterns" time="66.678"/>
</testsuite> <!-- P1_Testcases.TC01_P1_Search_PrintsandPatterns -->
