<?xml version="1.0" encoding="UTF-8"?>
<!-- Generated by org.testng.reporters.JUnitReportReporter -->
<testsuite hostname="LTIN529064" failures="0" tests="1" name="E2E_Testcases.TC295_P0_E2E_Change_AdoptedAFFValue" time="243.536" errors="0" timestamp="2024-09-24T18:47:37 IST" skipped="0">
  <testcase classname="E2E_Testcases.TC295_P0_E2E_Change_AdoptedAFFValue" name="P0_TC295_E2E_Change_AdoptionAFFValue" time="243.536"/>
</testsuite> <!-- E2E_Testcases.TC295_P0_E2E_Change_AdoptedAFFValue -->
