<?xml version="1.0" encoding="UTF-8"?>
<!-- Generated by org.testng.reporters.JUnitReportReporter -->
<testsuite hostname="LTIN529064" failures="0" tests="1" name="P2_TestCases.TC01_P2_Color_CopySolidColor" time="114.092" errors="0" timestamp="2024-10-11T12:29:39 IST" skipped="0">
  <testcase classname="P2_TestCases.TC01_P2_Color_CopySolidColor" name="P2_TC01_Color_CopySolidColor" time="114.092"/>
</testsuite> <!-- P2_TestCases.TC01_P2_Color_CopySolidColor -->
