<?xml version="1.0" encoding="UTF-8"?>
<!-- Generated by org.testng.reporters.JUnitReportReporter -->
<testsuite hostname="LTIN426032" failures="0" tests="1" name="P2_TestCases.TC257_P2_AssociateColorwaySource_sourceAlreadyAssociatedToPC5" time="150.013" errors="0" timestamp="2024-09-30T08:34:48 IST" skipped="0">
  <testcase classname="P2_TestCases.TC257_P2_AssociateColorwaySource_sourceAlreadyAssociatedToPC5" name="P2_TC257_AssociateColorwaySource_sourceAlreadyAssociatedToPC5" time="150.013"/>
</testsuite> <!-- P2_TestCases.TC257_P2_AssociateColorwaySource_sourceAlreadyAssociatedToPC5 -->
