<?xml version="1.0" encoding="UTF-8"?>
<!-- Generated by org.testng.reporters.JUnitReportReporter -->
<testsuite hostname="LTIN529064" failures="0" tests="1" name="P2_TestCases.TC26_P2_Colorway_VerifyReusePrintsandPatterns_Update_different_PC9" time="151.767" errors="0" timestamp="2024-10-11T14:27:02 IST" skipped="0">
  <testcase classname="P2_TestCases.TC26_P2_Colorway_VerifyReusePrintsandPatterns_Update_different_PC9" name="P2_TC_Product_26_VerifyPC9printsandpatternsdetails" time="151.767"/>
</testsuite> <!-- P2_TestCases.TC26_P2_Colorway_VerifyReusePrintsandPatterns_Update_different_PC9 -->
