<?xml version="1.0" encoding="UTF-8"?>
<!-- Generated by org.testng.reporters.JUnitReportReporter -->
<testsuite hostname="LTIN529064" failures="0" tests="1" name="P2_TestCases.TC11_P2_Colorwway_VerifyReuseLook_CreatePC9" time="166.286" errors="0" timestamp="2024-10-11T13:50:56 IST" skipped="0">
  <testcase classname="P2_TestCases.TC11_P2_Colorwway_VerifyReuseLook_CreatePC9" name="P2_TC_Product_11_Verify_Reuse_LookColor" time="166.286"/>
</testsuite> <!-- P2_TestCases.TC11_P2_Colorwway_VerifyReuseLook_CreatePC9 -->
