<?xml version="1.0" encoding="UTF-8"?>
<!-- Generated by org.testng.reporters.JUnitReportReporter -->
<testsuite hostname="LTIN529064" failures="0" tests="1" name="P0_TestCases.TC02_P0_Placements_Results_BlankSeason" time="76.824" errors="0" timestamp="2024-08-09T14:51:28 IST" skipped="0">
  <testcase classname="P0_TestCases.TC02_P0_Placements_Results_BlankSeason" name="P0_TC_02_Placement_BlankSeasonCode" time="76.824"/>
</testsuite> <!-- P0_TestCases.TC02_P0_Placements_Results_BlankSeason -->
