<?xml version="1.0" encoding="UTF-8"?>
<!-- Generated by org.testng.reporters.JUnitReportReporter -->
<testsuite hostname="LTIN529064" failures="0" tests="1" name="P2_TestCases.TC05_P2_CustomLoaders_Verify_Taget_FOB" time="158.938" errors="0" timestamp="2024-10-11T17:31:54 IST" skipped="0">
  <testcase classname="P2_TestCases.TC05_P2_CustomLoaders_Verify_Taget_FOB" name="P2_TC_05_Verify_CustomLoader_for_TargetFOB" time="158.938"/>
</testsuite> <!-- P2_TestCases.TC05_P2_CustomLoaders_Verify_Taget_FOB -->
