<?xml version="1.0" encoding="UTF-8"?>
<!-- Generated by org.testng.reporters.JUnitReportReporter -->
<testsuite hostname="LTIN529064" failures="0" tests="1" name="P1_Testcases.TC60_P1_Placement_ValidateBlank_CA_GDV_value" time="103.790" errors="0" timestamp="2024-10-18T19:22:29 IST" skipped="0">
  <testcase classname="P1_Testcases.TC60_P1_Placement_ValidateBlank_CA_GDV_value" name="P1_TC_60_Placement_Blank_CA_GDV_value" time="103.790"/>
</testsuite> <!-- P1_Testcases.TC60_P1_Placement_ValidateBlank_CA_GDV_value -->
