<?xml version="1.0" encoding="UTF-8"?>
<!-- Generated by org.testng.reporters.JUnitReportReporter -->
<testsuite hostname="LTIN529064" failures="0" tests="1" name="P0_TestCases.TC32_P0_SCL_UpdateSeasonalColorLookName" time="163.720" errors="0" timestamp="2024-08-08T15:28:06 IST" skipped="0">
  <testcase classname="P0_TestCases.TC32_P0_SCL_UpdateSeasonalColorLookName" name="P0_TC_Product_032_Verify_SeasonalLook_Update_PC9_for_type_Levis_Mens_accessories" time="163.720"/>
</testsuite> <!-- P0_TestCases.TC32_P0_SCL_UpdateSeasonalColorLookName -->
