<?xml version="1.0" encoding="UTF-8"?>
<!-- Generated by org.testng.reporters.JUnitReportReporter -->
<testsuite hostname="LTIN529064" failures="0" tests="1" name="E2E_Testcases.TC319_P0_E2E_Download_PlacementLoaderFile" time="93.579" errors="0" timestamp="2024-10-18T18:25:19 IST" skipped="0">
  <testcase classname="E2E_Testcases.TC319_P0_E2E_Download_PlacementLoaderFile" name="P0_TC319_E2E_DownloadPlacementFile" time="93.579"/>
</testsuite> <!-- E2E_Testcases.TC319_P0_E2E_Download_PlacementLoaderFile -->
