<?xml version="1.0" encoding="UTF-8"?>
<!-- Generated by org.testng.reporters.JUnitReportReporter -->
<testsuite hostname="LTIN529064" failures="0" tests="1" name="P0_TestCases.TC49_P0_CreateMultipleMesurementSet" time="191.611" errors="0" timestamp="2024-08-09T14:24:34 IST" skipped="0">
  <testcase classname="P0_TestCases.TC49_P0_CreateMultipleMesurementSet" name="TC_49_P0_CreateMultipleMeasurementSet" time="191.611"/>
</testsuite> <!-- P0_TestCases.TC49_P0_CreateMultipleMesurementSet -->
