<?xml version="1.0" encoding="UTF-8"?>
<!-- Generated by org.testng.reporters.JUnitReportReporter -->
<testsuite hostname="BYODIIcU3lIgowY" failures="0" tests="1" name="WMS_SingsOrd_Batch_3.FlexPLM_season" time="124.839" errors="0" timestamp="2024-05-06T13:20:49 IST" skipped="0">
  <testcase classname="WMS_SingsOrd_Batch_3.FlexPLM_season" name="orderAllocation" time="124.839"/>
</testsuite> <!-- WMS_SingsOrd_Batch_3.FlexPLM_season -->
