<?xml version="1.0" encoding="UTF-8"?>
<!-- Generated by org.testng.reporters.JUnitReportReporter -->
<testsuite hostname="LTIN529064" failures="0" tests="1" name="P1_Testcases.TC36_P1_Verify_ConsumerExt1_2_UpdatePC9" time="112.312" errors="0" timestamp="2024-10-18T15:51:12 IST" skipped="0">
  <testcase classname="P1_Testcases.TC36_P1_Verify_ConsumerExt1_2_UpdatePC9" name="P1_TC_Product_036_VerifyConsumerGroupExt_Value_UpdatePC9" time="112.312"/>
</testsuite> <!-- P1_Testcases.TC36_P1_Verify_ConsumerExt1_2_UpdatePC9 -->
