<?xml version="1.0" encoding="UTF-8"?>
<!-- Generated by org.testng.reporters.JUnitReportReporter -->
<testsuite hostname="LTIN529064" failures="0" tests="1" name="P1_Testcases.TC02_P1_UpdateRigidIndicator_AfterSetupLSE" time="87.361" errors="0" timestamp="2024-09-03T20:24:53 IST" skipped="0">
  <testcase classname="P1_Testcases.TC02_P1_UpdateRigidIndicator_AfterSetupLSE" name="P1_TC02_Verifyrigidindicator_updatePC9" time="87.361"/>
</testsuite> <!-- P1_Testcases.TC02_P1_UpdateRigidIndicator_AfterSetupLSE -->
