<?xml version="1.0" encoding="UTF-8"?>
<!-- Generated by org.testng.reporters.JUnitReportReporter -->
<testsuite hostname="LTIN529064" failures="0" tests="1" name="E2E_Testcases.TC316_317_P0_E2E_BulkTechPackONLY_URL" time="120.410" errors="0" timestamp="2024-10-16T20:42:25 IST" skipped="0">
  <testcase classname="E2E_Testcases.TC316_317_P0_E2E_BulkTechPackONLY_URL" name="P0_TC317_E2E_proto_TechPackONLY_URL" time="120.410"/>
</testsuite> <!-- E2E_Testcases.TC316_317_P0_E2E_BulkTechPackONLY_URL -->
