<?xml version="1.0" encoding="UTF-8"?>
<!-- Generated by org.testng.reporters.JUnitReportReporter -->
<testsuite hostname="LTIN529064" failures="0" tests="1" name="P0_TestCases.TC11_P0_Measurements_CreateSet_NonMeasurementAdmin" time="87.245" errors="0" timestamp="2024-08-09T13:33:27 IST" skipped="0">
  <testcase classname="P0_TestCases.TC11_P0_Measurements_CreateSet_NonMeasurementAdmin" name="TC11_P0_Measurements_CreateSet_NonMeasurementAdmin" time="87.245"/>
</testsuite> <!-- P0_TestCases.TC11_P0_Measurements_CreateSet_NonMeasurementAdmin -->
