<?xml version="1.0" encoding="UTF-8"?>
<!-- Generated by org.testng.reporters.JUnitReportReporter -->
<testsuite hostname="LTIN529064" failures="0" tests="1" name="AdditionalTestcases.TC_SetUp_And_Activate_APD_Linesheet" time="1280.109" errors="0" timestamp="2024-10-04T19:38:16 IST" skipped="0">
  <testcase classname="AdditionalTestcases.TC_SetUp_And_Activate_APD_Linesheet" name="TC_SetUp_and_ActivateLSE_Linesheet" time="1280.109"/>
</testsuite> <!-- AdditionalTestcases.TC_SetUp_And_Activate_APD_Linesheet -->
