<?xml version="1.0" encoding="UTF-8"?>
<!-- Generated by org.testng.reporters.JUnitReportReporter -->
<testsuite hostname="LTIN529064" failures="0" tests="1" name="E2E_Testcases.TC286_P0_E2E_caryyover_PC5_PC9" time="112.046" errors="0" timestamp="2024-09-24T17:51:23 IST" skipped="0">
  <testcase classname="E2E_Testcases.TC286_P0_E2E_caryyover_PC5_PC9" name="P0_TC_286_Carryover_PC5" time="112.046"/>
</testsuite> <!-- E2E_Testcases.TC286_P0_E2E_caryyover_PC5_PC9 -->
